2017-12-18T09:55:36.746Z - normal: Load ~/.CocosCreator/settings.json
2017-12-18T09:55:36.781Z - normal: checking language setting...
2017-12-18T09:55:36.781Z - normal: Language: zh
2017-12-18T09:55:43.297Z - success: protocol editor-framework registered
2017-12-18T09:55:43.297Z - success: protocol app registered
2017-12-18T09:55:43.297Z - success: protocol theme registered
2017-12-18T09:55:43.297Z - success: protocol profile registered
2017-12-18T09:55:43.297Z - success: protocol packages registered
2017-12-18T09:55:43.299Z - success: protocol unpack registerred
2017-12-18T09:55:43.300Z - success: protocol disable-commonjs registerred
2017-12-18T09:55:43.532Z - normal: connected!
2017-12-18T09:55:43.533Z - normal: Check project /Users/weidong/Desktop/poker161/poker161
2017-12-18T09:55:43.534Z - normal: Initializing Cocos2d
2017-12-18T09:55:46.254Z - normal: Initializing Asset Database
2017-12-18T09:55:46.702Z - success: protocol uuid registerred
2017-12-18T09:55:46.702Z - success: protocol db registerred
2017-12-18T09:55:46.702Z - success: protocol thumbnail registerred
2017-12-18T09:55:46.703Z - normal: Loading editor/builtin packages
2017-12-18T09:55:46.809Z - success: anysdk loaded
2017-12-18T09:55:47.116Z - success: assets loaded
2017-12-18T09:55:47.136Z - success: builder loaded
2017-12-18T09:55:47.139Z - success: hierarchy loaded
2017-12-18T09:55:47.143Z - success: inspector loaded
2017-12-18T09:55:47.144Z - success: keystore loaded
2017-12-18T09:55:47.147Z - success: node-library loaded
2017-12-18T09:55:47.174Z - success: package-asset loaded
2017-12-18T09:55:47.178Z - success: preferences loaded
2017-12-18T09:55:47.192Z - success: project-exporter loaded
2017-12-18T09:55:47.205Z - success: project-importer loaded
2017-12-18T09:55:47.208Z - success: project-settings loaded
2017-12-18T09:55:47.234Z - success: ui-kit loaded
2017-12-18T09:55:47.243Z - success: ui-grid loaded
2017-12-18T09:55:47.247Z - success: scene loaded
2017-12-18T09:55:47.248Z - success: sprite-editor loaded
2017-12-18T09:55:47.258Z - success: store loaded
2017-12-18T09:55:47.263Z - success: timeline loaded
2017-12-18T09:55:47.263Z - normal: Loading builtin packages
2017-12-18T09:55:47.288Z - success: asset-db-debugger loaded
2017-12-18T09:55:47.289Z - success: color-picker loaded
2017-12-18T09:55:47.293Z - success: console loaded
2017-12-18T09:55:47.296Z - success: package-manager loaded
2017-12-18T09:55:47.331Z - success: sdkbox loaded
2017-12-18T09:55:47.335Z - success: tester loaded
2017-12-18T09:55:47.339Z - success: ui-kit-preview-extra loaded
2017-12-18T09:55:47.344Z - success: ui-kit-preview loaded
2017-12-18T09:55:47.349Z - success: ui-tree loaded
2017-12-18T09:55:48.599Z - normal: Initializing project /Users/weidong/Desktop/poker161/poker161
2017-12-18T09:55:49.512Z - normal: Loading packages
2017-12-18T09:55:49.553Z - success: hhe loaded
2017-12-18T09:55:51.148Z - success: unpack-textureatlas loaded
2017-12-18T09:55:51.148Z - normal: Watching packages
2017-12-18T09:55:51.167Z - normal: Run Application
2017-12-18T09:55:55.288Z - success: preview server running at http://localhost:7456
2017-12-18T09:56:07.005Z - normal: 1.6.0
2017-12-18T09:56:17.026Z - normal: Simulator: WORKAREA WIDTH 2048.00, HEIGHT 1017.00
2017-12-18T09:56:17.047Z - normal: Simulator: FRAME SCALE = 1.00
2017-12-18T09:56:17.170Z - normal: Simulator: GLFWError #65544 Happen, Cocoa: Failed to retrieve display name
2017-12-18T09:56:17.389Z - normal: Simulator: 
2017-12-18T09:56:17.389Z - normal: Simulator: {
2017-12-18T09:56:17.389Z - normal: Simulator: 	gl.supports_OES_map_buffer: false
2017-12-18T09:56:17.390Z - normal: Simulator: 	gl.supports_vertex_array_object: true
2017-12-18T09:56:17.390Z - normal: Simulator: 	cocos2d.x.version: 1.6.0
2017-12-18T09:56:17.390Z - normal: Simulator: 	gl.vendor: ATI Technologies Inc.
2017-12-18T09:56:17.390Z - normal: Simulator: 	gl.supports_PVRTC: false
2017-12-18T09:56:17.687Z - normal: Simulator: 	gl.renderer: AMD Radeon Pro 555 OpenGL Engine
2017-12-18T09:56:17.690Z - normal: Simulator: 	cocos2d.x.compiled_with_profiler: false
2017-12-18T09:56:17.690Z - normal: Simulator: 	gl.max_texture_size: 16384
2017-12-18T09:56:17.691Z - normal: Simulator: 	gl.supports_ETC1: false
2017-12-18T09:56:17.691Z - normal: Simulator: 	gl.supports_BGRA8888: false
2017-12-18T09:56:17.691Z - normal: Simulator: 	cocos2d.x.build_type: DEBUG
2017-12-18T09:56:17.691Z - normal: Simulator: 	gl.max_texture_units: 16
2017-12-18T09:56:17.691Z - normal: Simulator: 	gl.supports_OES_packed_depth_stencil: false
2017-12-18T09:56:17.692Z - normal: Simulator: 	gl.supports_discard_framebuffer: false
2017-12-18T09:56:17.692Z - normal: Simulator: 	gl.supports_NPOT: true
2017-12-18T09:56:17.692Z - normal: Simulator: 	gl.version: 2.1 ATI-1.51.8
2017-12-18T09:56:17.692Z - normal: Simulator: 	cocos2d.x.compiled_with_gl_state_cache: true
2017-12-18T09:56:17.693Z - normal: Simulator: 	gl.supports_OES_depth24: false
2017-12-18T09:56:17.693Z - normal: Simulator: }
2017-12-18T09:56:17.693Z - normal: Simulator: 
2017-12-18T09:56:17.693Z - normal: Simulator: 
2017-12-18T09:56:17.694Z - normal: Simulator: cocos2d: warning, Director::setProjection() failed because size is 0
2017-12-18T09:56:17.732Z - normal: Simulator: Project Config:
2017-12-18T09:56:17.733Z - normal: Simulator:     project dir: /Applications/CocosCreator1.6.app/Contents/Resources/cocos2d-x/simulator/mac/Simulator.app/Contents/Resources/
2017-12-18T09:56:17.733Z - normal: Simulator:     writable path: $(PROJDIR)/
2017-12-18T09:56:17.733Z - normal: Simulator:     script file: $(PROJDIR)/main.js
2017-12-18T09:56:17.733Z - normal: Simulator:     frame size: 960 x 640
2017-12-18T09:56:17.733Z - normal: Simulator:     frame scale: 1.00
2017-12-18T09:56:17.733Z - normal: Simulator:     show console: NO
2017-12-18T09:56:17.734Z - normal: Simulator:     write debug log: NO ()
2017-12-18T09:56:17.734Z - normal: Simulator:     listen: 
2017-12-18T09:56:17.734Z - normal: Simulator:     debugger: none
2017-12-18T09:56:17.734Z - normal: Simulator:     add searching path:
2017-12-18T09:56:17.739Z - normal: Simulator: ------------------------------------------------
2017-12-18T09:56:17.739Z - normal: Simulator: LOAD Js FILE: main.js
2017-12-18T09:56:17.739Z - normal: Simulator: ------------------------------------------------
2017-12-18T09:56:18.570Z - normal: Simulator: Cocos2d-x-lite v1.6.0
2017-12-18T09:56:18.841Z - normal: Simulator: iShow!
2017-12-18T09:56:19.269Z - normal: Simulator: InitScene: 0.7159999999998945ms
2017-12-18T09:56:19.270Z - normal: Simulator: AutoRelease: 0.08399999999983265ms
2017-12-18T09:56:19.270Z - normal: Simulator: Destroy: 0.020999999999958163ms
2017-12-18T09:56:19.270Z - normal: Simulator: AttachPersist: 0.0029999999999290594ms
2017-12-18T09:56:19.333Z - normal: Simulator: rotation ratio radius offx offy height width rotation offx offy height width offx offy height width Activate: 63.00999999999999ms
2017-12-18T09:56:19.339Z - normal: Simulator: glnode.draw : 0
2017-12-18T09:56:19.357Z - normal: Simulator: glnode.draw : 0
2017-12-18T09:56:19.373Z - normal: Simulator: glnode.draw : 0
2017-12-18T09:56:19.392Z - normal: Simulator: glnode.draw : 0
2017-12-18T09:56:19.406Z - normal: Simulator: glnode.draw : 0
2017-12-18T09:56:19.423Z - normal: Simulator: glnode.draw : 0
2017-12-18T09:56:19.441Z - normal: Simulator: glnode.draw : 0
2017-12-18T09:56:19.456Z - normal: Simulator: glnode.draw : 0
2017-12-18T09:56:19.473Z - normal: Simulator: glnode.draw : 0
2017-12-18T09:56:19.489Z - normal: Simulator: glnode.draw : 0
2017-12-18T09:56:19.504Z - normal: Simulator: glnode.draw : 0
2017-12-18T09:56:19.520Z - normal: Simulator: glnode.draw : 0
2017-12-18T09:56:19.537Z - normal: Simulator: glnode.draw : 0
2017-12-18T09:56:19.556Z - normal: Simulator: glnode.draw : 0
2017-12-18T09:56:19.570Z - normal: Simulator: glnode.draw : 0
2017-12-18T09:56:19.587Z - normal: Simulator: glnode.draw : 0
2017-12-18T09:56:19.603Z - normal: Simulator: glnode.draw : 0
2017-12-18T09:56:19.620Z - normal: Simulator: glnode.draw : 0
2017-12-18T09:56:19.636Z - normal: Simulator: glnode.draw : 0
2017-12-18T09:56:19.654Z - normal: Simulator: glnode.draw : 0
2017-12-18T09:56:19.670Z - normal: Simulator: glnode.draw : 0
2017-12-18T09:56:19.687Z - normal: Simulator: glnode.draw : 0
2017-12-18T09:56:19.704Z - normal: Simulator: glnode.draw : 0
2017-12-18T09:56:19.720Z - normal: Simulator: glnode.draw : 0
2017-12-18T09:56:19.736Z - normal: Simulator: glnode.draw : 0
2017-12-18T09:56:19.753Z - normal: Simulator: glnode.draw : 0
2017-12-18T09:56:19.771Z - normal: Simulator: glnode.draw : 0
2017-12-18T09:56:19.787Z - normal: Simulator: glnode.draw : 0
2017-12-18T09:56:19.803Z - normal: Simulator: glnode.draw : 0
2017-12-18T09:56:19.823Z - normal: Simulator: glnode.draw : 0
2017-12-18T09:56:19.836Z - normal: Simulator: glnode.draw : 0
2017-12-18T09:56:19.854Z - normal: Simulator: glnode.draw : 0
2017-12-18T09:56:19.870Z - normal: Simulator: glnode.draw : 0
2017-12-18T09:56:19.887Z - normal: Simulator: glnode.draw : 0
2017-12-18T09:56:19.903Z - normal: Simulator: glnode.draw : 0
2017-12-18T09:56:19.919Z - normal: Simulator: glnode.draw : 0
2017-12-18T09:56:19.936Z - normal: Simulator: glnode.draw : 0
2017-12-18T09:56:19.952Z - normal: Simulator: glnode.draw : 0
2017-12-18T09:56:19.970Z - normal: Simulator: glnode.draw : 0
2017-12-18T09:56:19.987Z - normal: Simulator: glnode.draw : 0
2017-12-18T09:56:20.003Z - normal: Simulator: glnode.draw : 0
2017-12-18T09:56:20.019Z - normal: Simulator: glnode.draw : 0
2017-12-18T09:56:20.036Z - normal: Simulator: glnode.draw : 0
2017-12-18T09:56:20.057Z - normal: Simulator: page view touch onTouchBegan
2017-12-18T09:56:20.057Z - normal: Simulator: page view touch onTouchMoved
2017-12-18T09:56:20.057Z - normal: Simulator: glnode.draw : 0
2017-12-18T09:56:20.073Z - normal: Simulator: page view touch onTouchMoved
2017-12-18T09:56:20.073Z - normal: Simulator: glnode.draw : 0
2017-12-18T09:56:20.091Z - normal: Simulator: page view touch onTouchMoved
2017-12-18T09:56:20.091Z - normal: Simulator: glnode.draw : 0
2017-12-18T09:56:20.106Z - normal: Simulator: page view touch onTouchMoved
2017-12-18T09:56:20.106Z - normal: Simulator: glnode.draw : 0
2017-12-18T09:56:20.115Z - normal: Simulator: page view touch onTouchMoved
2017-12-18T09:56:20.116Z - normal: Simulator: glnode.draw : 0
2017-12-18T09:56:20.132Z - normal: Simulator: page view touch onTouchMoved
2017-12-18T09:56:20.133Z - normal: Simulator: glnode.draw : 0
2017-12-18T09:56:20.141Z - normal: Simulator: page view touch onTouchMoved
2017-12-18T09:56:20.149Z - normal: Simulator: page view touch onTouchMoved
2017-12-18T09:56:20.149Z - normal: Simulator: glnode.draw : 0
2017-12-18T09:56:20.165Z - normal: Simulator: page view touch onTouchMoved
2017-12-18T09:56:20.165Z - normal: Simulator: glnode.draw : 0
2017-12-18T09:56:20.173Z - normal: Simulator: page view touch onTouchMoved
2017-12-18T09:56:20.182Z - normal: Simulator: page view touch onTouchMoved
2017-12-18T09:56:20.183Z - normal: Simulator: glnode.draw : 0
2017-12-18T09:56:20.199Z - normal: Simulator: page view touch onTouchMoved
2017-12-18T09:56:20.200Z - normal: Simulator: glnode.draw : 0
2017-12-18T09:56:20.205Z - normal: Simulator: page view touch onTouchMoved
2017-12-18T09:56:20.216Z - normal: Simulator: page view touch onTouchMoved
2017-12-18T09:56:20.217Z - normal: Simulator: glnode.draw : 0
2017-12-18T09:56:20.233Z - normal: Simulator: page view touch onTouchEnded
2017-12-18T09:56:20.233Z - normal: Simulator: glnode.draw : 1
2017-12-18T09:56:20.249Z - normal: Simulator: glnode.draw : 1
2017-12-18T09:56:20.265Z - normal: Simulator: glnode.draw : 1
2017-12-18T09:56:20.282Z - normal: Simulator: glnode.draw : 1
2017-12-18T09:56:20.299Z - normal: Simulator: glnode.draw : 1
2017-12-18T09:56:20.316Z - normal: Simulator: glnode.draw : 1
2017-12-18T09:56:20.333Z - normal: Simulator: glnode.draw : 1
2017-12-18T09:56:20.352Z - normal: Simulator: glnode.draw : 1
2017-12-18T09:56:20.369Z - normal: Simulator: glnode.draw : 1
2017-12-18T09:56:20.387Z - normal: Simulator: glnode.draw : 1
2017-12-18T09:56:20.403Z - normal: Simulator: glnode.draw : 1
2017-12-18T09:56:20.420Z - normal: Simulator: glnode.draw : 1
2017-12-18T09:56:20.439Z - normal: Simulator: glnode.draw : 1
2017-12-18T09:56:20.453Z - normal: Simulator: glnode.draw : 1
2017-12-18T09:56:20.471Z - normal: Simulator: glnode.draw : 1
2017-12-18T09:56:20.488Z - normal: Simulator: glnode.draw : 1
2017-12-18T09:56:20.503Z - normal: Simulator: glnode.draw : 1
2017-12-18T09:56:20.520Z - normal: Simulator: glnode.draw : 1
2017-12-18T09:56:20.537Z - normal: Simulator: glnode.draw : 1
2017-12-18T09:56:20.555Z - normal: Simulator: glnode.draw : 1
2017-12-18T09:56:20.556Z - normal: Simulator: 平铺了
2017-12-18T09:56:20.571Z - normal: Simulator: glnode.draw : 1
2017-12-18T09:56:20.572Z - normal: Simulator: 平铺了
2017-12-18T09:56:20.606Z - normal: Simulator: glnode.draw : 1
2017-12-18T09:56:20.606Z - normal: Simulator: 平铺了
2017-12-18T09:56:20.607Z - normal: Simulator: glnode.draw : 1
2017-12-18T09:56:20.607Z - normal: Simulator: 平铺了
2017-12-18T09:56:20.622Z - normal: Simulator: glnode.draw : 1
2017-12-18T09:56:20.622Z - normal: Simulator: 平铺了
2017-12-18T09:56:20.639Z - normal: Simulator: glnode.draw : 1
2017-12-18T09:56:20.639Z - normal: Simulator: 平铺了
2017-12-18T09:56:20.655Z - normal: Simulator: glnode.draw : 1
2017-12-18T09:56:20.655Z - normal: Simulator: 平铺了
2017-12-18T09:56:20.677Z - normal: Simulator: onDestroy
2017-12-18T09:56:20.692Z - normal: Simulator: onDestroy
2017-12-18T09:56:20.707Z - normal: Simulator: onDestroy
2017-12-18T09:56:20.723Z - normal: Simulator: onDestroy
2017-12-18T09:56:20.739Z - normal: Simulator: onDestroy
2017-12-18T09:56:20.773Z - normal: Simulator: onDestroy
2017-12-18T09:56:20.789Z - normal: Simulator: onDestroy
2017-12-18T09:57:07.086Z - normal: Simulator: WORKAREA WIDTH 2048.00, HEIGHT 1017.00
2017-12-18T09:57:07.086Z - normal: Simulator: FRAME SCALE = 1.00
2017-12-18T09:57:07.091Z - normal: Simulator: GLFWError #65544 Happen, Cocoa: Failed to retrieve display name
2017-12-18T09:57:07.275Z - normal: Simulator: 
2017-12-18T09:57:07.275Z - normal: Simulator: {
2017-12-18T09:57:07.297Z - normal: Simulator: 	gl.supports_OES_map_buffer: false
2017-12-18T09:57:07.297Z - normal: Simulator: 	gl.supports_vertex_array_object: true
2017-12-18T09:57:07.298Z - normal: Simulator: 	cocos2d.x.version: 1.6.0
2017-12-18T09:57:07.298Z - normal: Simulator: 	gl.vendor: ATI Technologies Inc.
2017-12-18T09:57:07.298Z - normal: Simulator: 	gl.supports_PVRTC: false
2017-12-18T09:57:07.298Z - normal: Simulator: 	gl.renderer: AMD Radeon Pro 555 OpenGL Engine
2017-12-18T09:57:07.298Z - normal: Simulator: 	cocos2d.x.compiled_with_profiler: false
2017-12-18T09:57:07.298Z - normal: Simulator: 	gl.max_texture_size: 16384
2017-12-18T09:57:07.299Z - normal: Simulator: 	gl.supports_ETC1: false
2017-12-18T09:57:07.299Z - normal: Simulator: 	gl.supports_BGRA8888: false
2017-12-18T09:57:07.299Z - normal: Simulator: 	cocos2d.x.build_type: DEBUG
2017-12-18T09:57:07.299Z - normal: Simulator: 	gl.max_texture_units: 16
2017-12-18T09:57:07.299Z - normal: Simulator: 	gl.supports_OES_packed_depth_stencil: false
2017-12-18T09:57:07.299Z - normal: Simulator: 	gl.supports_discard_framebuffer: false
2017-12-18T09:57:07.299Z - normal: Simulator: 	gl.supports_NPOT: true
2017-12-18T09:57:07.299Z - normal: Simulator: 	gl.version: 2.1 ATI-1.51.8
2017-12-18T09:57:07.300Z - normal: Simulator: 	cocos2d.x.compiled_with_gl_state_cache: true
2017-12-18T09:57:07.300Z - normal: Simulator: 	gl.supports_OES_depth24: false
2017-12-18T09:57:07.300Z - normal: Simulator: }
2017-12-18T09:57:07.300Z - normal: Simulator: 
2017-12-18T09:57:07.300Z - normal: Simulator: 
2017-12-18T09:57:07.300Z - normal: Simulator: cocos2d: warning, Director::setProjection() failed because size is 0
2017-12-18T09:57:07.301Z - normal: Simulator: Project Config:
2017-12-18T09:57:07.301Z - normal: Simulator:     project dir: /Applications/CocosCreator1.6.app/Contents/Resources/cocos2d-x/simulator/mac/Simulator.app/Contents/Resources/
2017-12-18T09:57:07.301Z - normal: Simulator:     writable path: $(PROJDIR)/
2017-12-18T09:57:07.301Z - normal: Simulator:     script file: $(PROJDIR)/main.js
2017-12-18T09:57:07.301Z - normal: Simulator:     frame size: 960 x 640
2017-12-18T09:57:07.301Z - normal: Simulator:     frame scale: 1.00
2017-12-18T09:57:07.301Z - normal: Simulator:     show console: NO
2017-12-18T09:57:07.301Z - normal: Simulator:     write debug log: NO ()
2017-12-18T09:57:07.301Z - normal: Simulator:     listen: 
2017-12-18T09:57:07.302Z - normal: Simulator:     debugger: none
2017-12-18T09:57:07.302Z - normal: Simulator:     add searching path:
2017-12-18T09:57:07.302Z - normal: Simulator: 
2017-12-18T09:57:07.302Z - normal: Simulator: 
2017-12-18T09:57:07.302Z - normal: Simulator: 
2017-12-18T09:57:07.302Z - normal: Simulator: ------------------------------------------------
2017-12-18T09:57:07.302Z - normal: Simulator: LOAD Js FILE: main.js
2017-12-18T09:57:07.302Z - normal: Simulator: ------------------------------------------------
2017-12-18T09:57:07.355Z - normal: Simulator: Cocos2d-x-lite v1.6.0
2017-12-18T09:57:07.598Z - normal: Simulator: iShow!
2017-12-18T09:57:08.267Z - normal: Simulator: InitScene: 0.6019999999999754ms
2017-12-18T09:57:08.267Z - normal: Simulator: AutoRelease: 0.038000000000010914ms
2017-12-18T09:57:08.267Z - normal: Simulator: Destroy: 0.020999999999958163ms
2017-12-18T09:57:08.267Z - normal: Simulator: AttachPersist: 0.0030000000000427463ms
2017-12-18T09:57:08.600Z - normal: Simulator: rotation ratio radius offx offy height width rotation offx offy height width offx offy height width Activate: 333.0379999999999ms
2017-12-18T09:57:08.947Z - normal: Simulator: glnode.draw : 0
2017-12-18T09:57:08.947Z - normal: Simulator: glnode.draw : 0
2017-12-18T09:57:08.947Z - normal: Simulator: glnode.draw : 0
2017-12-18T09:57:08.948Z - normal: Simulator: glnode.draw : 0
2017-12-18T09:57:08.948Z - normal: Simulator: glnode.draw : 0
2017-12-18T09:57:08.948Z - normal: Simulator: glnode.draw : 0
2017-12-18T09:57:08.948Z - normal: Simulator: glnode.draw : 0
2017-12-18T09:57:08.948Z - normal: Simulator: glnode.draw : 0
2017-12-18T09:57:08.949Z - normal: Simulator: glnode.draw : 0
2017-12-18T09:57:08.949Z - normal: Simulator: glnode.draw : 0
2017-12-18T09:57:08.949Z - normal: Simulator: glnode.draw : 0
2017-12-18T09:57:08.949Z - normal: Simulator: glnode.draw : 0
2017-12-18T09:57:08.949Z - normal: Simulator: glnode.draw : 0
2017-12-18T09:57:08.949Z - normal: Simulator: glnode.draw : 0
2017-12-18T09:57:08.949Z - normal: Simulator: glnode.draw : 0
2017-12-18T09:57:08.950Z - normal: Simulator: glnode.draw : 0
2017-12-18T09:57:08.950Z - normal: Simulator: glnode.draw : 0
2017-12-18T09:57:08.950Z - normal: Simulator: glnode.draw : 0
2017-12-18T09:57:08.950Z - normal: Simulator: glnode.draw : 0
2017-12-18T09:57:08.950Z - normal: Simulator: glnode.draw : 0
2017-12-18T09:57:08.950Z - normal: Simulator: glnode.draw : 0
2017-12-18T09:57:08.957Z - normal: Simulator: glnode.draw : 0
2017-12-18T09:57:08.975Z - normal: Simulator: glnode.draw : 0
2017-12-18T09:57:08.989Z - normal: Simulator: glnode.draw : 0
2017-12-18T09:57:09.006Z - normal: Simulator: glnode.draw : 0
2017-12-18T09:57:09.023Z - normal: Simulator: glnode.draw : 0
2017-12-18T09:57:09.043Z - normal: Simulator: glnode.draw : 0
2017-12-18T09:57:09.055Z - normal: Simulator: glnode.draw : 0
2017-12-18T09:57:09.074Z - normal: Simulator: glnode.draw : 0
2017-12-18T09:57:09.089Z - normal: Simulator: glnode.draw : 0
2017-12-18T09:57:09.107Z - normal: Simulator: glnode.draw : 0
2017-12-18T09:57:09.123Z - normal: Simulator: glnode.draw : 0
2017-12-18T09:57:09.140Z - normal: Simulator: glnode.draw : 0
2017-12-18T09:57:09.156Z - normal: Simulator: glnode.draw : 0
2017-12-18T09:57:09.177Z - normal: Simulator: glnode.draw : 0
2017-12-18T09:57:09.190Z - normal: Simulator: glnode.draw : 0
2017-12-18T09:57:09.207Z - normal: Simulator: glnode.draw : 0
2017-12-18T09:57:09.224Z - normal: Simulator: glnode.draw : 0
2017-12-18T09:57:09.240Z - normal: Simulator: glnode.draw : 0
2017-12-18T09:57:09.255Z - normal: Simulator: glnode.draw : 0
2017-12-18T09:57:09.273Z - normal: Simulator: glnode.draw : 0
2017-12-18T09:57:09.289Z - normal: Simulator: page view touch onTouchBegan
2017-12-18T09:57:09.289Z - normal: Simulator: page view touch onTouchMoved
2017-12-18T09:57:09.289Z - normal: Simulator: glnode.draw : 0
2017-12-18T09:57:09.309Z - normal: Simulator: page view touch onTouchMoved
2017-12-18T09:57:09.635Z - normal: Simulator: glnode.draw : 0
2017-12-18T09:57:09.637Z - normal: Simulator: page view touch onTouchMoved
2017-12-18T09:57:09.637Z - normal: Simulator: glnode.draw : 0
2017-12-18T09:57:09.638Z - normal: Simulator: page view touch onTouchMoved
2017-12-18T09:57:09.638Z - normal: Simulator: glnode.draw : 0
2017-12-18T09:57:09.638Z - normal: Simulator: page view touch onTouchMoved
2017-12-18T09:57:09.638Z - normal: Simulator: glnode.draw : 0
2017-12-18T09:57:09.638Z - normal: Simulator: page view touch onTouchMoved
2017-12-18T09:57:09.638Z - normal: Simulator: glnode.draw : 0
2017-12-18T09:57:09.638Z - normal: Simulator: page view touch onTouchMoved
2017-12-18T09:57:09.639Z - normal: Simulator: glnode.draw : 0
2017-12-18T09:57:09.639Z - normal: Simulator: page view touch onTouchMoved
2017-12-18T09:57:09.639Z - normal: Simulator: page view touch onTouchMoved
2017-12-18T09:57:09.639Z - normal: Simulator: glnode.draw : 0
2017-12-18T09:57:09.640Z - normal: Simulator: page view touch onTouchMoved
2017-12-18T09:57:09.640Z - normal: Simulator: glnode.draw : 0
2017-12-18T09:57:09.640Z - normal: Simulator: page view touch onTouchMoved
2017-12-18T09:57:09.640Z - normal: Simulator: page view touch onTouchEnded
2017-12-18T09:57:09.640Z - normal: Simulator: glnode.draw : 0
2017-12-18T09:57:09.640Z - normal: Simulator: glnode.draw : 0
2017-12-18T09:57:09.641Z - normal: Simulator: glnode.draw : 0
2017-12-18T09:57:09.641Z - normal: Simulator: glnode.draw : 0
2017-12-18T09:57:09.641Z - normal: Simulator: glnode.draw : 0
2017-12-18T09:57:09.641Z - normal: Simulator: glnode.draw : 0
2017-12-18T09:57:09.641Z - normal: Simulator: glnode.draw : 0
2017-12-18T09:57:09.641Z - normal: Simulator: glnode.draw : 0
2017-12-18T09:57:09.641Z - normal: Simulator: glnode.draw : 0
2017-12-18T09:57:09.642Z - normal: Simulator: glnode.draw : 0
2017-12-18T09:57:09.642Z - normal: Simulator: glnode.draw : 0
2017-12-18T09:57:09.642Z - normal: Simulator: glnode.draw : 0
2017-12-18T09:57:09.642Z - normal: Simulator: glnode.draw : 0
2017-12-18T09:57:09.656Z - normal: Simulator: glnode.draw : 0
2017-12-18T09:57:09.670Z - normal: Simulator: glnode.draw : 0
2017-12-18T09:57:09.685Z - normal: Simulator: glnode.draw : 0
2017-12-18T09:57:09.704Z - normal: Simulator: glnode.draw : 0
2017-12-18T09:57:09.718Z - normal: Simulator: glnode.draw : 0
2017-12-18T09:57:09.736Z - normal: Simulator: glnode.draw : 0
2017-12-18T09:57:09.753Z - normal: Simulator: glnode.draw : 0
2017-12-18T09:57:09.768Z - normal: Simulator: glnode.draw : 0
2017-12-18T09:57:09.785Z - normal: Simulator: glnode.draw : 0
2017-12-18T09:57:09.802Z - normal: Simulator: glnode.draw : 0
2017-12-18T09:57:09.819Z - normal: Simulator: glnode.draw : 0
2017-12-18T09:57:09.837Z - normal: Simulator: glnode.draw : 0
2017-12-18T09:57:09.857Z - normal: Simulator: glnode.draw : 0
2017-12-18T09:57:09.872Z - normal: Simulator: glnode.draw : 0
2017-12-18T09:57:09.890Z - normal: Simulator: glnode.draw : 0
2017-12-18T09:57:09.907Z - normal: Simulator: glnode.draw : 0
2017-12-18T09:57:09.923Z - normal: Simulator: glnode.draw : 0
2017-12-18T09:57:09.940Z - normal: Simulator: glnode.draw : 0
2017-12-18T09:57:09.957Z - normal: Simulator: glnode.draw : 0
2017-12-18T09:57:09.974Z - normal: Simulator: glnode.draw : 0
2017-12-18T09:57:09.990Z - normal: Simulator: glnode.draw : 0
2017-12-18T09:57:10.006Z - normal: Simulator: glnode.draw : 0
2017-12-18T09:57:10.023Z - normal: Simulator: glnode.draw : 0
2017-12-18T09:57:10.043Z - normal: Simulator: glnode.draw : 0
2017-12-18T09:57:10.057Z - normal: Simulator: glnode.draw : 0
2017-12-18T09:57:10.073Z - normal: Simulator: glnode.draw : 0
2017-12-18T09:57:10.090Z - normal: Simulator: glnode.draw : 0
2017-12-18T09:57:10.107Z - normal: Simulator: glnode.draw : 0
2017-12-18T09:57:10.123Z - normal: Simulator: glnode.draw : 0
2017-12-18T09:57:10.140Z - normal: Simulator: glnode.draw : 0
2017-12-18T09:57:10.157Z - normal: Simulator: glnode.draw : 0
2017-12-18T09:57:10.173Z - normal: Simulator: glnode.draw : 0
2017-12-18T09:57:10.190Z - normal: Simulator: glnode.draw : 0
2017-12-18T09:57:10.207Z - normal: Simulator: glnode.draw : 0
2017-12-18T09:57:10.222Z - normal: Simulator: glnode.draw : 0
2017-12-18T09:57:10.241Z - normal: Simulator: glnode.draw : 0
2017-12-18T09:57:10.257Z - normal: Simulator: glnode.draw : 0
2017-12-18T09:57:10.273Z - normal: Simulator: glnode.draw : 0
2017-12-18T09:57:10.290Z - normal: Simulator: glnode.draw : 0
2017-12-18T09:57:10.312Z - normal: Simulator: glnode.draw : 0
2017-12-18T09:57:10.324Z - normal: Simulator: glnode.draw : 0
2017-12-18T09:57:10.340Z - normal: Simulator: glnode.draw : 0
2017-12-18T09:57:10.357Z - normal: Simulator: glnode.draw : 0
2017-12-18T09:57:10.373Z - normal: Simulator: glnode.draw : 0
2017-12-18T09:57:10.391Z - normal: Simulator: glnode.draw : 0
2017-12-18T09:57:10.391Z - normal: Simulator: page view touch onTouchBegan
2017-12-18T09:57:10.391Z - normal: Simulator: page view touch onTouchMoved
2017-12-18T09:57:10.409Z - normal: Simulator: page view touch onTouchMoved
2017-12-18T09:57:10.409Z - normal: Simulator: glnode.draw : 0
2017-12-18T09:57:10.425Z - normal: Simulator: page view touch onTouchMoved
2017-12-18T09:57:10.426Z - normal: Simulator: glnode.draw : 0
2017-12-18T09:57:10.426Z - normal: Simulator: page view touch onTouchMoved
2017-12-18T09:57:10.442Z - normal: Simulator: page view touch onTouchMoved
2017-12-18T09:57:10.442Z - normal: Simulator: glnode.draw : 0
2017-12-18T09:57:10.459Z - normal: Simulator: page view touch onTouchMoved
2017-12-18T09:57:10.460Z - normal: Simulator: glnode.draw : 0
2017-12-18T09:57:10.460Z - normal: Simulator: page view touch onTouchMoved
2017-12-18T09:57:10.475Z - normal: Simulator: page view touch onTouchMoved
2017-12-18T09:57:10.475Z - normal: Simulator: glnode.draw : 0
2017-12-18T09:57:10.492Z - normal: Simulator: page view touch onTouchMoved
2017-12-18T09:57:10.492Z - normal: Simulator: glnode.draw : 0
2017-12-18T09:57:10.509Z - normal: Simulator: page view touch onTouchMoved
2017-12-18T09:57:10.509Z - normal: Simulator: glnode.draw : 0
2017-12-18T09:57:10.526Z - normal: Simulator: page view touch onTouchMoved
2017-12-18T09:57:10.526Z - normal: Simulator: glnode.draw : 0
2017-12-18T09:57:10.526Z - normal: Simulator: page view touch onTouchMoved
2017-12-18T09:57:10.546Z - normal: Simulator: page view touch onTouchMoved
2017-12-18T09:57:10.546Z - normal: Simulator: glnode.draw : 0
2017-12-18T09:57:10.558Z - normal: Simulator: page view touch onTouchMoved
2017-12-18T09:57:10.558Z - normal: Simulator: glnode.draw : 0
2017-12-18T09:57:10.576Z - normal: Simulator: page view touch onTouchEnded
2017-12-18T09:57:10.576Z - normal: Simulator: glnode.draw : 1
2017-12-18T09:57:10.592Z - normal: Simulator: glnode.draw : 1
2017-12-18T09:57:10.607Z - normal: Simulator: glnode.draw : 1
2017-12-18T09:57:10.623Z - normal: Simulator: glnode.draw : 1
2017-12-18T09:57:10.640Z - normal: Simulator: glnode.draw : 1
2017-12-18T09:57:10.657Z - normal: Simulator: glnode.draw : 1
2017-12-18T09:57:10.672Z - normal: Simulator: glnode.draw : 1
2017-12-18T09:57:10.690Z - normal: Simulator: glnode.draw : 1
2017-12-18T09:57:10.706Z - normal: Simulator: glnode.draw : 1
2017-12-18T09:57:10.723Z - normal: Simulator: glnode.draw : 1
2017-12-18T09:57:10.740Z - normal: Simulator: glnode.draw : 1
2017-12-18T09:57:10.757Z - normal: Simulator: glnode.draw : 1
2017-12-18T09:57:10.773Z - normal: Simulator: glnode.draw : 1
2017-12-18T09:57:10.790Z - normal: Simulator: glnode.draw : 1
2017-12-18T09:57:10.807Z - normal: Simulator: glnode.draw : 1
2017-12-18T09:57:10.824Z - normal: Simulator: glnode.draw : 1
2017-12-18T09:57:10.841Z - normal: Simulator: glnode.draw : 1
2017-12-18T09:57:10.857Z - normal: Simulator: glnode.draw : 1
2017-12-18T09:57:10.873Z - normal: Simulator: glnode.draw : 1
2017-12-18T09:57:10.890Z - normal: Simulator: glnode.draw : 1
2017-12-18T09:57:10.890Z - normal: Simulator: 平铺了
2017-12-18T09:57:10.908Z - normal: Simulator: glnode.draw : 1
2017-12-18T09:57:10.908Z - normal: Simulator: 平铺了
2017-12-18T09:57:10.926Z - normal: Simulator: glnode.draw : 1
2017-12-18T09:57:10.927Z - normal: Simulator: 平铺了
2017-12-18T09:57:10.942Z - normal: Simulator: glnode.draw : 1
2017-12-18T09:57:10.943Z - normal: Simulator: 平铺了
2017-12-18T09:57:10.959Z - normal: Simulator: glnode.draw : 1
2017-12-18T09:57:10.959Z - normal: Simulator: 平铺了
2017-12-18T09:57:10.976Z - normal: Simulator: glnode.draw : 1
2017-12-18T09:57:10.976Z - normal: Simulator: 平铺了
2017-12-18T09:57:10.992Z - normal: Simulator: glnode.draw : 1
2017-12-18T09:57:10.992Z - normal: Simulator: 平铺了
2017-12-18T09:57:11.046Z - normal: Simulator: onDestroy
2017-12-18T09:57:11.050Z - normal: Simulator: onDestroy
2017-12-18T09:57:11.058Z - normal: Simulator: onDestroy
2017-12-18T09:57:11.066Z - normal: Simulator: onDestroy
2017-12-18T09:57:11.082Z - normal: Simulator: onDestroy
2017-12-18T09:57:11.096Z - normal: Simulator: onDestroy
2017-12-18T09:57:11.112Z - normal: Simulator: onDestroy
2017-12-18T09:57:37.437Z - normal: Simulator: WORKAREA WIDTH 2048.00, HEIGHT 1017.00
2017-12-18T09:57:37.438Z - normal: Simulator: FRAME SCALE = 1.00
2017-12-18T09:57:37.439Z - normal: Simulator: GLFWError #65544 Happen, Cocoa: Failed to retrieve display name
2017-12-18T09:57:37.540Z - normal: Simulator: 
2017-12-18T09:57:37.540Z - normal: Simulator: {
2017-12-18T09:57:37.540Z - normal: Simulator: 	gl.supports_OES_map_buffer: false
2017-12-18T09:57:37.541Z - normal: Simulator: 	gl.supports_vertex_array_object: true
2017-12-18T09:57:37.541Z - normal: Simulator: 	cocos2d.x.version: 1.6.0
2017-12-18T09:57:37.541Z - normal: Simulator: 	gl.vendor: ATI Technologies Inc.
2017-12-18T09:57:37.541Z - normal: Simulator: 	gl.supports_PVRTC: false
2017-12-18T09:57:37.541Z - normal: Simulator: 	gl.renderer: AMD Radeon Pro 555 OpenGL Engine
2017-12-18T09:57:37.542Z - normal: Simulator: 	cocos2d.x.compiled_with_profiler: false
2017-12-18T09:57:37.542Z - normal: Simulator: 	gl.max_texture_size: 16384
2017-12-18T09:57:37.542Z - normal: Simulator: 	gl.supports_ETC1: false
2017-12-18T09:57:37.542Z - normal: Simulator: 	gl.supports_BGRA8888: false
2017-12-18T09:57:37.542Z - normal: Simulator: 	cocos2d.x.build_type: DEBUG
2017-12-18T09:57:37.542Z - normal: Simulator: 	gl.max_texture_units: 16
2017-12-18T09:57:37.543Z - normal: Simulator: 	gl.supports_OES_packed_depth_stencil: false
2017-12-18T09:57:37.543Z - normal: Simulator: 	gl.supports_discard_framebuffer: false
2017-12-18T09:57:37.543Z - normal: Simulator: 	gl.supports_NPOT: true
2017-12-18T09:57:37.543Z - normal: Simulator: 	gl.version: 2.1 ATI-1.51.8
2017-12-18T09:57:37.543Z - normal: Simulator: 	cocos2d.x.compiled_with_gl_state_cache: true
2017-12-18T09:57:37.543Z - normal: Simulator: 	gl.supports_OES_depth24: false
2017-12-18T09:57:37.544Z - normal: Simulator: }
2017-12-18T09:57:37.544Z - normal: Simulator: 
2017-12-18T09:57:37.544Z - normal: Simulator: 
2017-12-18T09:57:37.544Z - normal: Simulator: cocos2d: warning, Director::setProjection() failed because size is 0
2017-12-18T09:57:37.546Z - normal: Simulator: Project Config:
2017-12-18T09:57:37.546Z - normal: Simulator:     project dir: /Applications/CocosCreator1.6.app/Contents/Resources/cocos2d-x/simulator/mac/Simulator.app/Contents/Resources/
2017-12-18T09:57:37.546Z - normal: Simulator:     writable path: $(PROJDIR)/
2017-12-18T09:57:37.546Z - normal: Simulator:     script file: $(PROJDIR)/main.js
2017-12-18T09:57:37.547Z - normal: Simulator:     frame size: 960 x 640
2017-12-18T09:57:37.547Z - normal: Simulator:     frame scale: 1.00
2017-12-18T09:57:37.547Z - normal: Simulator:     show console: NO
2017-12-18T09:57:37.548Z - normal: Simulator:     write debug log: NO ()
2017-12-18T09:57:37.548Z - normal: Simulator:     listen: 
2017-12-18T09:57:37.548Z - normal: Simulator:     debugger: none
2017-12-18T09:57:37.548Z - normal: Simulator:     add searching path:
2017-12-18T09:57:37.548Z - normal: Simulator: 
2017-12-18T09:57:37.548Z - normal: Simulator: 
2017-12-18T09:57:37.548Z - normal: Simulator: 
2017-12-18T09:57:37.549Z - normal: Simulator: ------------------------------------------------
2017-12-18T09:57:37.549Z - normal: Simulator: LOAD Js FILE: main.js
2017-12-18T09:57:37.549Z - normal: Simulator: ------------------------------------------------
2017-12-18T09:57:37.581Z - normal: Simulator: Cocos2d-x-lite v1.6.0
2017-12-18T09:57:37.781Z - normal: Simulator: iShow!
2017-12-18T09:57:37.909Z - normal: Simulator: InitScene: 0.6100000000000136ms
2017-12-18T09:57:37.909Z - normal: Simulator: AutoRelease: 0.038000000000010914ms
2017-12-18T09:57:37.913Z - normal: Simulator: Destroy: 0.020000000000038654ms
2017-12-18T09:57:37.913Z - normal: Simulator: AttachPersist: 0.0030000000000427463ms
2017-12-18T09:57:37.937Z - normal: Simulator: rotation ratio radius offx offy height width rotation offx offy height width offx offy height width Activate: 28.649ms
2017-12-18T09:57:37.947Z - normal: Simulator: glnode.draw : 0
2017-12-18T09:57:37.956Z - normal: Simulator: glnode.draw : 0
2017-12-18T09:57:37.969Z - normal: Simulator: glnode.draw : 0
2017-12-18T09:57:37.986Z - normal: Simulator: glnode.draw : 0
2017-12-18T09:57:38.002Z - normal: Simulator: glnode.draw : 0
2017-12-18T09:57:38.019Z - normal: Simulator: glnode.draw : 0
2017-12-18T09:57:38.036Z - normal: Simulator: glnode.draw : 0
2017-12-18T09:57:38.051Z - normal: Simulator: glnode.draw : 0
2017-12-18T09:57:38.067Z - normal: Simulator: glnode.draw : 0
2017-12-18T09:57:38.084Z - normal: Simulator: glnode.draw : 0
2017-12-18T09:57:38.101Z - normal: Simulator: glnode.draw : 0
2017-12-18T09:57:38.118Z - normal: Simulator: glnode.draw : 0
2017-12-18T09:57:38.135Z - normal: Simulator: glnode.draw : 0
2017-12-18T09:57:38.150Z - normal: Simulator: glnode.draw : 0
2017-12-18T09:57:38.167Z - normal: Simulator: glnode.draw : 0
2017-12-18T09:57:38.182Z - normal: Simulator: glnode.draw : 0
2017-12-18T09:57:38.198Z - normal: Simulator: glnode.draw : 0
2017-12-18T09:57:38.215Z - normal: Simulator: glnode.draw : 0
2017-12-18T09:57:38.231Z - normal: Simulator: glnode.draw : 0
2017-12-18T09:57:38.248Z - normal: Simulator: glnode.draw : 0
2017-12-18T09:57:38.264Z - normal: Simulator: glnode.draw : 0
2017-12-18T09:57:38.281Z - normal: Simulator: glnode.draw : 0
2017-12-18T09:57:38.296Z - normal: Simulator: glnode.draw : 0
2017-12-18T09:57:38.312Z - normal: Simulator: glnode.draw : 0
2017-12-18T09:57:38.338Z - normal: Simulator: glnode.draw : 0
2017-12-18T09:57:38.357Z - normal: Simulator: glnode.draw : 0
2017-12-18T09:57:38.372Z - normal: Simulator: glnode.draw : 0
2017-12-18T09:57:38.386Z - normal: Simulator: glnode.draw : 0
2017-12-18T09:57:38.399Z - normal: Simulator: glnode.draw : 0
2017-12-18T09:57:38.421Z - normal: Simulator: glnode.draw : 0
2017-12-18T09:57:38.429Z - normal: Simulator: glnode.draw : 0
2017-12-18T09:57:38.446Z - normal: Simulator: glnode.draw : 0
2017-12-18T09:57:38.463Z - normal: Simulator: glnode.draw : 0
2017-12-18T09:57:38.480Z - normal: Simulator: glnode.draw : 0
2017-12-18T09:57:38.496Z - normal: Simulator: glnode.draw : 0
2017-12-18T09:57:38.513Z - normal: Simulator: glnode.draw : 0
2017-12-18T09:57:38.529Z - normal: Simulator: glnode.draw : 0
2017-12-18T09:57:38.549Z - normal: Simulator: glnode.draw : 0
2017-12-18T09:57:38.563Z - normal: Simulator: glnode.draw : 0
2017-12-18T09:57:38.580Z - normal: Simulator: glnode.draw : 0
2017-12-18T09:57:38.595Z - normal: Simulator: glnode.draw : 0
2017-12-18T09:57:38.612Z - normal: Simulator: glnode.draw : 0
2017-12-18T09:57:38.629Z - normal: Simulator: glnode.draw : 0
2017-12-18T09:57:38.646Z - normal: Simulator: glnode.draw : 0
2017-12-18T09:57:38.662Z - normal: Simulator: glnode.draw : 0
2017-12-18T09:57:38.678Z - normal: Simulator: glnode.draw : 0
2017-12-18T09:57:38.696Z - normal: Simulator: glnode.draw : 0
2017-12-18T09:57:38.713Z - normal: Simulator: glnode.draw : 0
2017-12-18T09:57:38.729Z - normal: Simulator: glnode.draw : 0
2017-12-18T09:57:38.745Z - normal: Simulator: glnode.draw : 0
2017-12-18T09:57:38.762Z - normal: Simulator: page view touch onTouchBegan
2017-12-18T09:57:38.762Z - normal: Simulator: glnode.draw : 0
2017-12-18T09:57:38.781Z - normal: Simulator: page view touch onTouchMoved
2017-12-18T09:57:38.781Z - normal: Simulator: glnode.draw : 0
2017-12-18T09:57:38.798Z - normal: Simulator: page view touch onTouchMoved
2017-12-18T09:57:38.799Z - normal: Simulator: page view touch onTouchMoved
2017-12-18T09:57:38.799Z - normal: Simulator: glnode.draw : 0
2017-12-18T09:57:38.815Z - normal: Simulator: page view touch onTouchMoved
2017-12-18T09:57:38.816Z - normal: Simulator: glnode.draw : 0
2017-12-18T09:57:38.831Z - normal: Simulator: page view touch onTouchMoved
2017-12-18T09:57:38.832Z - normal: Simulator: page view touch onTouchMoved
2017-12-18T09:57:38.832Z - normal: Simulator: glnode.draw : 0
2017-12-18T09:57:38.847Z - normal: Simulator: page view touch onTouchMoved
2017-12-18T09:57:38.847Z - normal: Simulator: glnode.draw : 0
2017-12-18T09:57:38.864Z - normal: Simulator: page view touch onTouchMoved
2017-12-18T09:57:38.864Z - normal: Simulator: page view touch onTouchMoved
2017-12-18T09:57:38.865Z - normal: Simulator: glnode.draw : 0
2017-12-18T09:57:38.880Z - normal: Simulator: page view touch onTouchMoved
2017-12-18T09:57:38.880Z - normal: Simulator: glnode.draw : 0
2017-12-18T09:57:38.896Z - normal: Simulator: page view touch onTouchMoved
2017-12-18T09:57:38.896Z - normal: Simulator: page view touch onTouchMoved
2017-12-18T09:57:38.896Z - normal: Simulator: glnode.draw : 0
2017-12-18T09:57:38.913Z - normal: Simulator: page view touch onTouchMoved
2017-12-18T09:57:38.913Z - normal: Simulator: glnode.draw : 0
2017-12-18T09:57:38.930Z - normal: Simulator: page view touch onTouchMoved
2017-12-18T09:57:38.931Z - normal: Simulator: glnode.draw : 0
2017-12-18T09:57:38.947Z - normal: Simulator: page view touch onTouchMoved
2017-12-18T09:57:38.947Z - normal: Simulator: glnode.draw : 0
2017-12-18T09:57:38.964Z - normal: Simulator: page view touch onTouchMoved
2017-12-18T09:57:38.964Z - normal: Simulator: glnode.draw : 0
2017-12-18T09:57:38.981Z - normal: Simulator: page view touch onTouchMoved
2017-12-18T09:57:38.982Z - normal: Simulator: page view touch onTouchEnded
2017-12-18T09:57:38.982Z - normal: Simulator: glnode.draw : 1
2017-12-18T09:57:38.998Z - normal: Simulator: glnode.draw : 1
2017-12-18T09:57:39.015Z - normal: Simulator: glnode.draw : 1
2017-12-18T09:57:39.030Z - normal: Simulator: glnode.draw : 1
2017-12-18T09:57:39.047Z - normal: Simulator: glnode.draw : 1
2017-12-18T09:57:39.063Z - normal: Simulator: glnode.draw : 1
2017-12-18T09:57:39.080Z - normal: Simulator: glnode.draw : 1
2017-12-18T09:57:39.096Z - normal: Simulator: glnode.draw : 1
2017-12-18T09:57:39.113Z - normal: Simulator: glnode.draw : 1
2017-12-18T09:57:39.130Z - normal: Simulator: glnode.draw : 1
2017-12-18T09:57:39.147Z - normal: Simulator: glnode.draw : 1
2017-12-18T09:57:39.163Z - normal: Simulator: glnode.draw : 1
2017-12-18T09:57:39.179Z - normal: Simulator: glnode.draw : 1
2017-12-18T09:57:39.195Z - normal: Simulator: glnode.draw : 1
2017-12-18T09:57:39.214Z - normal: Simulator: glnode.draw : 1
2017-12-18T09:57:39.229Z - normal: Simulator: glnode.draw : 1
2017-12-18T09:57:39.246Z - normal: Simulator: glnode.draw : 1
2017-12-18T09:57:39.262Z - normal: Simulator: glnode.draw : 1
2017-12-18T09:57:39.279Z - normal: Simulator: glnode.draw : 1
2017-12-18T09:57:39.295Z - normal: Simulator: glnode.draw : 1
2017-12-18T09:57:39.296Z - normal: Simulator: 平铺了
2017-12-18T09:57:39.314Z - normal: Simulator: glnode.draw : 1
2017-12-18T09:57:39.314Z - normal: Simulator: 平铺了
2017-12-18T09:57:39.330Z - normal: Simulator: glnode.draw : 1
2017-12-18T09:57:39.331Z - normal: Simulator: 平铺了
2017-12-18T09:57:39.347Z - normal: Simulator: glnode.draw : 1
2017-12-18T09:57:39.347Z - normal: Simulator: 平铺了
2017-12-18T09:57:39.364Z - normal: Simulator: glnode.draw : 1
2017-12-18T09:57:39.364Z - normal: Simulator: 平铺了
2017-12-18T09:57:39.381Z - normal: Simulator: glnode.draw : 1
2017-12-18T09:57:39.381Z - normal: Simulator: 平铺了
2017-12-18T09:57:39.397Z - normal: Simulator: glnode.draw : 1
2017-12-18T09:57:39.397Z - normal: Simulator: 平铺了
2017-12-18T09:57:39.418Z - normal: Simulator: onDestroy
2017-12-18T09:57:39.435Z - normal: Simulator: onDestroy
2017-12-18T09:57:39.452Z - normal: Simulator: onDestroy
2017-12-18T09:57:39.466Z - normal: Simulator: onDestroy
2017-12-18T09:57:39.498Z - normal: Simulator: onDestroy
2017-12-18T09:57:39.514Z - normal: Simulator: onDestroy
2017-12-18T09:57:39.530Z - normal: Simulator: onDestroy
2017-12-18T09:57:41.294Z - normal: Simulator: HttpClient singleton is nullptr
2017-12-18T09:57:41.319Z - normal: Simulator: basic_object_finalize 0x174e26a0 ...
2017-12-18T09:57:41.319Z - normal: Simulator: jsbindings: finalizing JS object 0x174e26d0 (WebSocket)
2017-12-18T09:57:41.319Z - normal: Simulator: jsbindings: finalizing JS object 0x174e2700 (SocketIO)
2017-12-18T09:57:41.319Z - normal: Simulator: JavaScriptObjCBridge_finalize 0x174e2790 ...
2017-12-18T09:57:41.319Z - normal: Simulator: JavaScriptObjCBridge_finalize 0x174e2a00 ...
2017-12-18T09:57:42.272Z - normal: Simulator: WORKAREA WIDTH 2048.00, HEIGHT 1017.00
2017-12-18T09:57:42.272Z - normal: Simulator: FRAME SCALE = 1.00
2017-12-18T09:57:42.281Z - normal: Simulator: GLFWError #65544 Happen, Cocoa: Failed to retrieve display name
2017-12-18T09:57:42.363Z - normal: Simulator: 
2017-12-18T09:57:42.363Z - normal: Simulator: {
2017-12-18T09:57:42.364Z - normal: Simulator: 	gl.supports_OES_map_buffer: false
2017-12-18T09:57:42.364Z - normal: Simulator: 	gl.supports_vertex_array_object: true
2017-12-18T09:57:42.365Z - normal: Simulator: 	cocos2d.x.version: 1.6.0
2017-12-18T09:57:42.365Z - normal: Simulator: 	gl.vendor: ATI Technologies Inc.
2017-12-18T09:57:42.365Z - normal: Simulator: 	gl.supports_PVRTC: false
2017-12-18T09:57:42.365Z - normal: Simulator: 	gl.renderer: AMD Radeon Pro 555 OpenGL Engine
2017-12-18T09:57:42.365Z - normal: Simulator: 	cocos2d.x.compiled_with_profiler: false
2017-12-18T09:57:42.365Z - normal: Simulator: 	gl.max_texture_size: 16384
2017-12-18T09:57:42.365Z - normal: Simulator: 	gl.supports_ETC1: false
2017-12-18T09:57:42.366Z - normal: Simulator: 	gl.supports_BGRA8888: false
2017-12-18T09:57:42.366Z - normal: Simulator: 	cocos2d.x.build_type: DEBUG
2017-12-18T09:57:42.366Z - normal: Simulator: 	gl.max_texture_units: 16
2017-12-18T09:57:42.366Z - normal: Simulator: 	gl.supports_OES_packed_depth_stencil: false
2017-12-18T09:57:42.368Z - normal: Simulator: 	gl.supports_discard_framebuffer: false
2017-12-18T09:57:42.368Z - normal: Simulator: 	gl.supports_NPOT: true
2017-12-18T09:57:42.368Z - normal: Simulator: 	gl.version: 2.1 ATI-1.51.8
2017-12-18T09:57:42.368Z - normal: Simulator: 	cocos2d.x.compiled_with_gl_state_cache: true
2017-12-18T09:57:42.368Z - normal: Simulator: 	gl.supports_OES_depth24: false
2017-12-18T09:57:42.368Z - normal: Simulator: }
2017-12-18T09:57:42.368Z - normal: Simulator: 
2017-12-18T09:57:42.368Z - normal: Simulator: 
2017-12-18T09:57:42.369Z - normal: Simulator: cocos2d: warning, Director::setProjection() failed because size is 0
2017-12-18T09:57:42.370Z - normal: Simulator: Project Config:
2017-12-18T09:57:42.370Z - normal: Simulator:     project dir: /Applications/CocosCreator1.6.app/Contents/Resources/cocos2d-x/simulator/mac/Simulator.app/Contents/Resources/
2017-12-18T09:57:42.370Z - normal: Simulator:     writable path: $(PROJDIR)/
2017-12-18T09:57:42.370Z - normal: Simulator:     script file: $(PROJDIR)/main.js
2017-12-18T09:57:42.370Z - normal: Simulator:     frame size: 960 x 640
2017-12-18T09:57:42.370Z - normal: Simulator:     frame scale: 1.00
2017-12-18T09:57:42.371Z - normal: Simulator:     show console: NO
2017-12-18T09:57:42.371Z - normal: Simulator:     write debug log: NO ()
2017-12-18T09:57:42.371Z - normal: Simulator:     listen: 
2017-12-18T09:57:42.371Z - normal: Simulator:     debugger: none
2017-12-18T09:57:42.371Z - normal: Simulator:     add searching path:
2017-12-18T09:57:42.371Z - normal: Simulator: 
2017-12-18T09:57:42.372Z - normal: Simulator: 
2017-12-18T09:57:42.372Z - normal: Simulator: 
2017-12-18T09:57:42.372Z - normal: Simulator: ------------------------------------------------
2017-12-18T09:57:42.372Z - normal: Simulator: LOAD Js FILE: main.js
2017-12-18T09:57:42.372Z - normal: Simulator: ------------------------------------------------
2017-12-18T09:57:42.418Z - normal: Simulator: Cocos2d-x-lite v1.6.0
2017-12-18T09:57:42.624Z - normal: Simulator: iShow!
2017-12-18T09:57:42.745Z - normal: Simulator: InitScene: 0.6080000000000041ms
2017-12-18T09:57:42.745Z - normal: Simulator: AutoRelease: 0.03799999999995407ms
2017-12-18T09:57:42.745Z - normal: Simulator: Destroy: 0.021000000000015007ms
2017-12-18T09:57:42.745Z - normal: Simulator: AttachPersist: 0.0030000000000427463ms
2017-12-18T09:57:42.772Z - normal: Simulator: rotation ratio radius offx offy height width rotation offx offy height width offx offy height width Activate: 27.601ms
2017-12-18T09:57:42.784Z - normal: Simulator: glnode.draw : 0
2017-12-18T09:57:42.798Z - normal: Simulator: glnode.draw : 0
2017-12-18T09:57:42.807Z - normal: Simulator: glnode.draw : 0
2017-12-18T09:57:42.824Z - normal: Simulator: glnode.draw : 0
2017-12-18T09:57:42.837Z - normal: Simulator: glnode.draw : 0
2017-12-18T09:57:42.854Z - normal: Simulator: glnode.draw : 0
2017-12-18T09:57:42.870Z - normal: Simulator: glnode.draw : 0
2017-12-18T09:57:42.887Z - normal: Simulator: glnode.draw : 0
2017-12-18T09:57:42.904Z - normal: Simulator: glnode.draw : 0
2017-12-18T09:57:42.921Z - normal: Simulator: glnode.draw : 0
2017-12-18T09:57:42.938Z - normal: Simulator: glnode.draw : 0
2017-12-18T09:57:42.955Z - normal: Simulator: glnode.draw : 0
2017-12-18T09:57:42.971Z - normal: Simulator: glnode.draw : 0
2017-12-18T09:57:42.988Z - normal: Simulator: glnode.draw : 0
2017-12-18T09:57:43.004Z - normal: Simulator: glnode.draw : 0
2017-12-18T09:57:43.020Z - normal: Simulator: glnode.draw : 0
2017-12-18T09:57:43.036Z - normal: Simulator: glnode.draw : 0
2017-12-18T09:57:43.053Z - normal: Simulator: glnode.draw : 0
2017-12-18T09:57:43.069Z - normal: Simulator: glnode.draw : 0
2017-12-18T09:57:43.085Z - normal: Simulator: glnode.draw : 0
2017-12-18T09:57:43.101Z - normal: Simulator: glnode.draw : 0
2017-12-18T09:57:43.117Z - normal: Simulator: glnode.draw : 0
2017-12-18T09:57:43.133Z - normal: Simulator: glnode.draw : 0
2017-12-18T09:57:43.150Z - normal: Simulator: glnode.draw : 0
2017-12-18T09:57:43.166Z - normal: Simulator: glnode.draw : 0
2017-12-18T09:57:43.183Z - normal: Simulator: glnode.draw : 0
2017-12-18T09:57:43.200Z - normal: Simulator: glnode.draw : 0
2017-12-18T09:57:43.216Z - normal: Simulator: glnode.draw : 0
2017-12-18T09:57:43.232Z - normal: Simulator: glnode.draw : 0
2017-12-18T09:57:43.250Z - normal: Simulator: glnode.draw : 0
2017-12-18T09:57:43.267Z - normal: Simulator: glnode.draw : 0
2017-12-18T09:57:43.283Z - normal: Simulator: glnode.draw : 0
2017-12-18T09:57:43.300Z - normal: Simulator: page view touch onTouchBegan
2017-12-18T09:57:43.300Z - normal: Simulator: page view touch onTouchMoved
2017-12-18T09:57:43.300Z - normal: Simulator: glnode.draw : 0
2017-12-18T09:57:43.316Z - normal: Simulator: page view touch onTouchMoved
2017-12-18T09:57:43.317Z - normal: Simulator: glnode.draw : 0
2017-12-18T09:57:43.333Z - normal: Simulator: page view touch onTouchMoved
2017-12-18T09:57:43.334Z - normal: Simulator: glnode.draw : 0
2017-12-18T09:57:43.350Z - normal: Simulator: page view touch onTouchMoved
2017-12-18T09:57:43.350Z - normal: Simulator: glnode.draw : 0
2017-12-18T09:57:43.367Z - normal: Simulator: page view touch onTouchMoved
2017-12-18T09:57:43.367Z - normal: Simulator: glnode.draw : 0
2017-12-18T09:57:43.384Z - normal: Simulator: page view touch onTouchMoved
2017-12-18T09:57:43.385Z - normal: Simulator: glnode.draw : 0
2017-12-18T09:57:43.401Z - normal: Simulator: page view touch onTouchMoved
2017-12-18T09:57:43.402Z - normal: Simulator: glnode.draw : 0
2017-12-18T09:57:43.421Z - normal: Simulator: page view touch onTouchMoved
2017-12-18T09:57:43.421Z - normal: Simulator: glnode.draw : 0
2017-12-18T09:57:43.433Z - normal: Simulator: page view touch onTouchMoved
2017-12-18T09:57:43.435Z - normal: Simulator: glnode.draw : 0
2017-12-18T09:57:43.452Z - normal: Simulator: page view touch onTouchMoved
2017-12-18T09:57:43.455Z - normal: Simulator: glnode.draw : 0
2017-12-18T09:57:43.467Z - normal: Simulator: page view touch onTouchMoved
2017-12-18T09:57:43.467Z - normal: Simulator: glnode.draw : 0
2017-12-18T09:57:43.484Z - normal: Simulator: page view touch onTouchMoved
2017-12-18T09:57:43.485Z - normal: Simulator: glnode.draw : 0
2017-12-18T09:57:43.500Z - normal: Simulator: page view touch onTouchMoved
2017-12-18T09:57:43.500Z - normal: Simulator: glnode.draw : 0
2017-12-18T09:57:43.519Z - normal: Simulator: glnode.draw : 0
2017-12-18T09:57:43.535Z - normal: Simulator: glnode.draw : 0
2017-12-18T09:57:43.551Z - normal: Simulator: glnode.draw : 0
2017-12-18T09:57:43.567Z - normal: Simulator: glnode.draw : 0
2017-12-18T09:57:43.582Z - normal: Simulator: glnode.draw : 0
2017-12-18T09:57:43.599Z - normal: Simulator: glnode.draw : 0
2017-12-18T09:57:43.616Z - normal: Simulator: glnode.draw : 0
2017-12-18T09:57:43.633Z - normal: Simulator: page view touch onTouchEnded
2017-12-18T09:57:43.633Z - normal: Simulator: glnode.draw : 1
2017-12-18T09:57:43.650Z - normal: Simulator: glnode.draw : 1
2017-12-18T09:57:43.671Z - normal: Simulator: glnode.draw : 1
2017-12-18T09:57:43.685Z - normal: Simulator: glnode.draw : 1
2017-12-18T09:57:43.701Z - normal: Simulator: glnode.draw : 1
2017-12-18T09:57:43.718Z - normal: Simulator: glnode.draw : 1
2017-12-18T09:57:43.734Z - normal: Simulator: glnode.draw : 1
2017-12-18T09:57:43.750Z - normal: Simulator: glnode.draw : 1
2017-12-18T09:57:43.766Z - normal: Simulator: glnode.draw : 1
2017-12-18T09:57:43.782Z - normal: Simulator: glnode.draw : 1
2017-12-18T09:57:43.799Z - normal: Simulator: glnode.draw : 1
2017-12-18T09:57:43.817Z - normal: Simulator: glnode.draw : 1
2017-12-18T09:57:43.833Z - normal: Simulator: glnode.draw : 1
2017-12-18T09:57:43.849Z - normal: Simulator: glnode.draw : 1
2017-12-18T09:57:43.867Z - normal: Simulator: glnode.draw : 1
2017-12-18T09:57:43.882Z - normal: Simulator: glnode.draw : 1
2017-12-18T09:57:43.899Z - normal: Simulator: glnode.draw : 1
2017-12-18T09:57:43.916Z - normal: Simulator: glnode.draw : 1
2017-12-18T09:57:43.932Z - normal: Simulator: glnode.draw : 1
2017-12-18T09:57:43.949Z - normal: Simulator: glnode.draw : 1
2017-12-18T09:57:43.950Z - normal: Simulator: 平铺了
2017-12-18T09:57:43.965Z - normal: Simulator: glnode.draw : 1
2017-12-18T09:57:43.966Z - normal: Simulator: 平铺了
2017-12-18T09:57:43.984Z - normal: Simulator: glnode.draw : 1
2017-12-18T09:57:43.984Z - normal: Simulator: 平铺了
2017-12-18T09:57:44.000Z - normal: Simulator: glnode.draw : 1
2017-12-18T09:57:44.000Z - normal: Simulator: 平铺了
2017-12-18T09:57:44.017Z - normal: Simulator: glnode.draw : 1
2017-12-18T09:57:44.017Z - normal: Simulator: 平铺了
2017-12-18T09:57:44.034Z - normal: Simulator: glnode.draw : 1
2017-12-18T09:57:44.034Z - normal: Simulator: 平铺了
2017-12-18T09:57:44.052Z - normal: Simulator: glnode.draw : 1
2017-12-18T09:57:44.052Z - normal: Simulator: 平铺了
2017-12-18T09:57:44.073Z - normal: Simulator: onDestroy
2017-12-18T09:57:44.089Z - normal: Simulator: onDestroy
2017-12-18T09:57:44.119Z - normal: Simulator: onDestroy
2017-12-18T09:57:44.134Z - normal: Simulator: onDestroy
2017-12-18T09:57:44.151Z - normal: Simulator: onDestroy
2017-12-18T09:57:44.168Z - normal: Simulator: onDestroy
2017-12-18T09:57:44.184Z - normal: Simulator: onDestroy
2017-12-18T09:57:45.556Z - normal: Simulator: HttpClient singleton is nullptr
2017-12-18T09:57:45.580Z - normal: Simulator: basic_object_finalize 0xc6e26a0 ...
2017-12-18T09:57:45.580Z - normal: Simulator: jsbindings: finalizing JS object 0xc6e26d0 (WebSocket)
2017-12-18T09:57:45.581Z - normal: Simulator: jsbindings: finalizing JS object 0xc6e2700 (SocketIO)
2017-12-18T09:57:45.581Z - normal: Simulator: JavaScriptObjCBridge_finalize 0xc6e2790 ...
2017-12-18T09:57:45.581Z - normal: Simulator: JavaScriptObjCBridge_finalize 0xc6e2a00 ...
2017-12-18T09:57:46.503Z - normal: Simulator: WORKAREA WIDTH 2048.00, HEIGHT 1017.00
2017-12-18T09:57:46.503Z - normal: Simulator: FRAME SCALE = 1.00
2017-12-18T09:57:46.506Z - normal: Simulator: GLFWError #65544 Happen, Cocoa: Failed to retrieve display name
2017-12-18T09:57:46.589Z - normal: Simulator: 
2017-12-18T09:57:46.589Z - normal: Simulator: {
2017-12-18T09:57:46.590Z - normal: Simulator: 	gl.supports_OES_map_buffer: false
2017-12-18T09:57:46.590Z - normal: Simulator: 	gl.supports_vertex_array_object: true
2017-12-18T09:57:46.590Z - normal: Simulator: 	cocos2d.x.version: 1.6.0
2017-12-18T09:57:46.590Z - normal: Simulator: 	gl.vendor: ATI Technologies Inc.
2017-12-18T09:57:46.590Z - normal: Simulator: 	gl.supports_PVRTC: false
2017-12-18T09:57:46.590Z - normal: Simulator: 	gl.renderer: AMD Radeon Pro 555 OpenGL Engine
2017-12-18T09:57:46.590Z - normal: Simulator: 	cocos2d.x.compiled_with_profiler: false
2017-12-18T09:57:46.591Z - normal: Simulator: 	gl.max_texture_size: 16384
2017-12-18T09:57:46.591Z - normal: Simulator: 	gl.supports_ETC1: false
2017-12-18T09:57:46.591Z - normal: Simulator: 	gl.supports_BGRA8888: false
2017-12-18T09:57:46.591Z - normal: Simulator: 	cocos2d.x.build_type: DEBUG
2017-12-18T09:57:46.591Z - normal: Simulator: 	gl.max_texture_units: 16
2017-12-18T09:57:46.591Z - normal: Simulator: 	gl.supports_OES_packed_depth_stencil: false
2017-12-18T09:57:46.591Z - normal: Simulator: 	gl.supports_discard_framebuffer: false
2017-12-18T09:57:46.592Z - normal: Simulator: 	gl.supports_NPOT: true
2017-12-18T09:57:46.592Z - normal: Simulator: 	gl.version: 2.1 ATI-1.51.8
2017-12-18T09:57:46.592Z - normal: Simulator: 	cocos2d.x.compiled_with_gl_state_cache: true
2017-12-18T09:57:46.592Z - normal: Simulator: 	gl.supports_OES_depth24: false
2017-12-18T09:57:46.592Z - normal: Simulator: }
2017-12-18T09:57:46.592Z - normal: Simulator: 
2017-12-18T09:57:46.592Z - normal: Simulator: 
2017-12-18T09:57:46.592Z - normal: Simulator: cocos2d: warning, Director::setProjection() failed because size is 0
2017-12-18T09:57:46.593Z - normal: Simulator: Project Config:
2017-12-18T09:57:46.595Z - normal: Simulator:     project dir: /Applications/CocosCreator1.6.app/Contents/Resources/cocos2d-x/simulator/mac/Simulator.app/Contents/Resources/
2017-12-18T09:57:46.595Z - normal: Simulator:     writable path: $(PROJDIR)/
2017-12-18T09:57:46.595Z - normal: Simulator:     script file: $(PROJDIR)/main.js
2017-12-18T09:57:46.595Z - normal: Simulator:     frame size: 960 x 640
2017-12-18T09:57:46.595Z - normal: Simulator:     frame scale: 1.00
2017-12-18T09:57:46.596Z - normal: Simulator:     show console: NO
2017-12-18T09:57:46.596Z - normal: Simulator:     write debug log: NO ()
2017-12-18T09:57:46.596Z - normal: Simulator:     listen: 
2017-12-18T09:57:46.601Z - normal: Simulator:     debugger: none
2017-12-18T09:57:46.601Z - normal: Simulator:     add searching path:
2017-12-18T09:57:46.601Z - normal: Simulator: 
2017-12-18T09:57:46.601Z - normal: Simulator: 
2017-12-18T09:57:46.601Z - normal: Simulator: 
2017-12-18T09:57:46.601Z - normal: Simulator: ------------------------------------------------
2017-12-18T09:57:46.601Z - normal: Simulator: LOAD Js FILE: main.js
2017-12-18T09:57:46.601Z - normal: Simulator: ------------------------------------------------
2017-12-18T09:57:46.644Z - normal: Simulator: Cocos2d-x-lite v1.6.0
2017-12-18T09:57:46.848Z - normal: Simulator: iShow!
2017-12-18T09:57:46.982Z - normal: Simulator: InitScene: 0.6829999999999927ms
2017-12-18T09:57:46.983Z - normal: Simulator: AutoRelease: 0.07500000000004547ms
2017-12-18T09:57:46.983Z - normal: Simulator: Destroy: 0.05000000000001137ms
2017-12-18T09:57:46.983Z - normal: Simulator: AttachPersist: 0.002999999999985903ms
2017-12-18T09:57:47.014Z - normal: Simulator: rotation ratio radius offx offy height width rotation offx offy height width offx offy height width Activate: 28.684000000000026ms
2017-12-18T09:57:47.019Z - normal: Simulator: glnode.draw : 0
2017-12-18T09:57:47.030Z - normal: Simulator: glnode.draw : 0
2017-12-18T09:57:47.057Z - normal: Simulator: glnode.draw : 0
2017-12-18T09:57:47.068Z - normal: Simulator: glnode.draw : 0
2017-12-18T09:57:47.085Z - normal: Simulator: glnode.draw : 0
2017-12-18T09:57:47.102Z - normal: Simulator: glnode.draw : 0
2017-12-18T09:57:47.118Z - normal: Simulator: glnode.draw : 0
2017-12-18T09:57:47.135Z - normal: Simulator: glnode.draw : 0
2017-12-18T09:57:47.153Z - normal: Simulator: glnode.draw : 0
2017-12-18T09:57:47.169Z - normal: Simulator: glnode.draw : 0
2017-12-18T09:57:47.185Z - normal: Simulator: glnode.draw : 0
2017-12-18T09:57:47.202Z - normal: Simulator: glnode.draw : 0
2017-12-18T09:57:47.219Z - normal: Simulator: glnode.draw : 0
2017-12-18T09:57:47.236Z - normal: Simulator: glnode.draw : 0
2017-12-18T09:57:47.252Z - normal: Simulator: glnode.draw : 0
2017-12-18T09:57:47.269Z - normal: Simulator: glnode.draw : 0
2017-12-18T09:57:47.285Z - normal: Simulator: glnode.draw : 0
2017-12-18T09:57:47.302Z - normal: Simulator: glnode.draw : 0
2017-12-18T09:57:47.319Z - normal: Simulator: glnode.draw : 0
2017-12-18T09:57:47.336Z - normal: Simulator: glnode.draw : 0
2017-12-18T09:57:47.352Z - normal: Simulator: glnode.draw : 0
2017-12-18T09:57:47.370Z - normal: Simulator: glnode.draw : 0
2017-12-18T09:57:47.386Z - normal: Simulator: glnode.draw : 0
2017-12-18T09:57:47.403Z - normal: Simulator: glnode.draw : 0
2017-12-18T09:57:47.424Z - normal: Simulator: glnode.draw : 0
2017-12-18T09:57:47.436Z - normal: Simulator: glnode.draw : 0
2017-12-18T09:57:47.453Z - normal: Simulator: page view touch onTouchBegan
2017-12-18T09:57:47.453Z - normal: Simulator: page view touch onTouchMoved
2017-12-18T09:57:47.453Z - normal: Simulator: glnode.draw : 0
2017-12-18T09:57:47.472Z - normal: Simulator: page view touch onTouchMoved
2017-12-18T09:57:47.472Z - normal: Simulator: glnode.draw : 0
2017-12-18T09:57:47.490Z - normal: Simulator: page view touch onTouchMoved
2017-12-18T09:57:47.490Z - normal: Simulator: glnode.draw : 0
2017-12-18T09:57:47.506Z - normal: Simulator: page view touch onTouchMoved
2017-12-18T09:57:47.506Z - normal: Simulator: glnode.draw : 0
2017-12-18T09:57:47.522Z - normal: Simulator: page view touch onTouchMoved
2017-12-18T09:57:47.522Z - normal: Simulator: glnode.draw : 0
2017-12-18T09:57:47.538Z - normal: Simulator: page view touch onTouchMoved
2017-12-18T09:57:47.539Z - normal: Simulator: glnode.draw : 0
2017-12-18T09:57:47.557Z - normal: Simulator: page view touch onTouchMoved
2017-12-18T09:57:47.557Z - normal: Simulator: page view touch onTouchMoved
2017-12-18T09:57:47.558Z - normal: Simulator: glnode.draw : 0
2017-12-18T09:57:47.563Z - normal: Simulator: page view touch onTouchMoved
2017-12-18T09:57:47.563Z - normal: Simulator: glnode.draw : 0
2017-12-18T09:57:47.580Z - normal: Simulator: page view touch onTouchMoved
2017-12-18T09:57:47.584Z - normal: Simulator: glnode.draw : 0
2017-12-18T09:57:47.587Z - normal: Simulator: page view touch onTouchMoved
2017-12-18T09:57:47.596Z - normal: Simulator: page view touch onTouchEnded
2017-12-18T09:57:47.596Z - normal: Simulator: glnode.draw : 1
2017-12-18T09:57:47.613Z - normal: Simulator: glnode.draw : 1
2017-12-18T09:57:47.632Z - normal: Simulator: glnode.draw : 1
2017-12-18T09:57:47.647Z - normal: Simulator: glnode.draw : 1
2017-12-18T09:57:47.666Z - normal: Simulator: glnode.draw : 1
2017-12-18T09:57:47.683Z - normal: Simulator: glnode.draw : 1
2017-12-18T09:57:47.702Z - normal: Simulator: glnode.draw : 1
2017-12-18T09:57:47.718Z - normal: Simulator: glnode.draw : 1
2017-12-18T09:57:47.736Z - normal: Simulator: glnode.draw : 1
2017-12-18T09:57:47.753Z - normal: Simulator: glnode.draw : 1
2017-12-18T09:57:47.768Z - normal: Simulator: glnode.draw : 1
2017-12-18T09:57:47.786Z - normal: Simulator: glnode.draw : 1
2017-12-18T09:57:47.803Z - normal: Simulator: glnode.draw : 1
2017-12-18T09:57:47.819Z - normal: Simulator: glnode.draw : 1
2017-12-18T09:57:47.836Z - normal: Simulator: glnode.draw : 1
2017-12-18T09:57:47.853Z - normal: Simulator: glnode.draw : 1
2017-12-18T09:57:47.869Z - normal: Simulator: glnode.draw : 1
2017-12-18T09:57:47.886Z - normal: Simulator: glnode.draw : 1
2017-12-18T09:57:47.901Z - normal: Simulator: glnode.draw : 1
2017-12-18T09:57:47.919Z - normal: Simulator: glnode.draw : 1
2017-12-18T09:57:47.919Z - normal: Simulator: 平铺了
2017-12-18T09:57:47.937Z - normal: Simulator: glnode.draw : 1
2017-12-18T09:57:47.937Z - normal: Simulator: 平铺了
2017-12-18T09:57:47.954Z - normal: Simulator: glnode.draw : 1
2017-12-18T09:57:47.955Z - normal: Simulator: 平铺了
2017-12-18T09:57:47.971Z - normal: Simulator: glnode.draw : 1
2017-12-18T09:57:47.971Z - normal: Simulator: 平铺了
2017-12-18T09:57:47.988Z - normal: Simulator: glnode.draw : 1
2017-12-18T09:57:47.988Z - normal: Simulator: 平铺了
2017-12-18T09:57:48.004Z - normal: Simulator: glnode.draw : 1
2017-12-18T09:57:48.004Z - normal: Simulator: 平铺了
2017-12-18T09:57:48.021Z - normal: Simulator: glnode.draw : 1
2017-12-18T09:57:48.021Z - normal: Simulator: 平铺了
2017-12-18T09:57:48.038Z - normal: Simulator: glnode.draw : 1
2017-12-18T09:57:48.038Z - normal: Simulator: 平铺了
2017-12-18T09:57:48.058Z - normal: Simulator: onDestroy
2017-12-18T09:57:48.072Z - normal: Simulator: onDestroy
2017-12-18T09:57:48.087Z - normal: Simulator: onDestroy
2017-12-18T09:57:48.089Z - normal: Simulator: onDestroy
2017-12-18T09:57:48.102Z - normal: Simulator: onDestroy
2017-12-18T09:57:48.120Z - normal: Simulator: onDestroy
2017-12-18T09:57:48.135Z - normal: Simulator: onDestroy
2017-12-18T09:57:48.152Z - normal: Simulator: onDestroy
2017-12-18T09:57:49.372Z - normal: Simulator: HttpClient singleton is nullptr
2017-12-18T09:57:49.402Z - normal: Simulator: basic_object_finalize 0x148e26a0 ...
2017-12-18T09:57:49.403Z - normal: Simulator: jsbindings: finalizing JS object 0x148e26d0 (WebSocket)
2017-12-18T09:57:49.403Z - normal: Simulator: jsbindings: finalizing JS object 0x148e2700 (SocketIO)
2017-12-18T09:57:49.403Z - normal: Simulator: JavaScriptObjCBridge_finalize 0x148e2790 ...
2017-12-18T09:57:49.403Z - normal: Simulator: JavaScriptObjCBridge_finalize 0x148e2a00 ...
2017-12-18T09:58:46.636Z - normal: Simulator: WORKAREA WIDTH 2048.00, HEIGHT 1017.00
2017-12-18T09:58:46.638Z - normal: Simulator: FRAME SCALE = 1.00
2017-12-18T09:58:46.639Z - normal: Simulator: GLFWError #65544 Happen, Cocoa: Failed to retrieve display name
2017-12-18T09:58:46.735Z - normal: Simulator: 
2017-12-18T09:58:46.735Z - normal: Simulator: {
2017-12-18T09:58:46.736Z - normal: Simulator: 	gl.supports_OES_map_buffer: false
2017-12-18T09:58:46.736Z - normal: Simulator: 	gl.supports_vertex_array_object: true
2017-12-18T09:58:46.736Z - normal: Simulator: 	cocos2d.x.version: 1.6.0
2017-12-18T09:58:46.737Z - normal: Simulator: 	gl.vendor: ATI Technologies Inc.
2017-12-18T09:58:46.737Z - normal: Simulator: 	gl.supports_PVRTC: false
2017-12-18T09:58:46.737Z - normal: Simulator: 	gl.renderer: AMD Radeon Pro 555 OpenGL Engine
2017-12-18T09:58:46.737Z - normal: Simulator: 	cocos2d.x.compiled_with_profiler: false
2017-12-18T09:58:46.743Z - normal: Simulator: 	gl.max_texture_size: 16384
2017-12-18T09:58:46.744Z - normal: Simulator: 	gl.supports_ETC1: false
2017-12-18T09:58:46.744Z - normal: Simulator: 	gl.supports_BGRA8888: false
2017-12-18T09:58:46.744Z - normal: Simulator: 	cocos2d.x.build_type: DEBUG
2017-12-18T09:58:46.744Z - normal: Simulator: 	gl.max_texture_units: 16
2017-12-18T09:58:46.744Z - normal: Simulator: 	gl.supports_OES_packed_depth_stencil: false
2017-12-18T09:58:46.744Z - normal: Simulator: 	gl.supports_discard_framebuffer: false
2017-12-18T09:58:46.744Z - normal: Simulator: 	gl.supports_NPOT: true
2017-12-18T09:58:46.744Z - normal: Simulator: 	gl.version: 2.1 ATI-1.51.8
2017-12-18T09:58:46.744Z - normal: Simulator: 	cocos2d.x.compiled_with_gl_state_cache: true
2017-12-18T09:58:46.745Z - normal: Simulator: 	gl.supports_OES_depth24: false
2017-12-18T09:58:46.745Z - normal: Simulator: }
2017-12-18T09:58:46.745Z - normal: Simulator: 
2017-12-18T09:58:46.745Z - normal: Simulator: 
2017-12-18T09:58:46.745Z - normal: Simulator: cocos2d: warning, Director::setProjection() failed because size is 0
2017-12-18T09:58:46.749Z - normal: Simulator: Project Config:
2017-12-18T09:58:46.749Z - normal: Simulator:     project dir: /Applications/CocosCreator1.6.app/Contents/Resources/cocos2d-x/simulator/mac/Simulator.app/Contents/Resources/
2017-12-18T09:58:46.749Z - normal: Simulator:     writable path: $(PROJDIR)/
2017-12-18T09:58:46.749Z - normal: Simulator:     script file: $(PROJDIR)/main.js
2017-12-18T09:58:46.749Z - normal: Simulator:     frame size: 960 x 640
2017-12-18T09:58:46.753Z - normal: Simulator:     frame scale: 1.00
2017-12-18T09:58:46.754Z - normal: Simulator:     show console: NO
2017-12-18T09:58:46.754Z - normal: Simulator:     write debug log: NO ()
2017-12-18T09:58:46.754Z - normal: Simulator:     listen: 
2017-12-18T09:58:46.754Z - normal: Simulator:     debugger: none
2017-12-18T09:58:46.754Z - normal: Simulator:     add searching path:
2017-12-18T09:58:46.754Z - normal: Simulator: 
2017-12-18T09:58:46.754Z - normal: Simulator: 
2017-12-18T09:58:46.755Z - normal: Simulator: 
2017-12-18T09:58:46.755Z - normal: Simulator: ------------------------------------------------
2017-12-18T09:58:46.755Z - normal: Simulator: LOAD Js FILE: main.js
2017-12-18T09:58:46.755Z - normal: Simulator: ------------------------------------------------
2017-12-18T09:58:46.771Z - normal: Simulator: Cocos2d-x-lite v1.6.0
2017-12-18T09:58:46.972Z - normal: Simulator: iShow!
2017-12-18T09:58:47.113Z - normal: Simulator: InitScene: 0.6150000000000091ms
2017-12-18T09:58:47.113Z - normal: Simulator: AutoRelease: 0.03899999999998727ms
2017-12-18T09:58:47.113Z - normal: Simulator: Destroy: 0.04899999999997817ms
2017-12-18T09:58:47.113Z - normal: Simulator: AttachPersist: 0.002999999999985903ms
2017-12-18T09:58:47.145Z - normal: Simulator: rotation ratio radius offx offy height width rotation offx offy height width offx offy height width Activate: 27.476999999999975ms
2017-12-18T09:58:47.148Z - normal: Simulator: glnode.draw : 0
2017-12-18T09:58:47.166Z - normal: Simulator: glnode.draw : 0
2017-12-18T09:58:47.181Z - normal: Simulator: glnode.draw : 0
2017-12-18T09:58:47.197Z - normal: Simulator: glnode.draw : 0
2017-12-18T09:58:47.213Z - normal: Simulator: glnode.draw : 0
2017-12-18T09:58:47.229Z - normal: Simulator: glnode.draw : 0
2017-12-18T09:58:47.245Z - normal: Simulator: glnode.draw : 0
2017-12-18T09:58:47.262Z - normal: Simulator: glnode.draw : 0
2017-12-18T09:58:47.278Z - normal: Simulator: glnode.draw : 0
2017-12-18T09:58:47.296Z - normal: Simulator: glnode.draw : 0
2017-12-18T09:58:47.313Z - normal: Simulator: glnode.draw : 0
2017-12-18T09:58:47.330Z - normal: Simulator: glnode.draw : 0
2017-12-18T09:58:47.346Z - normal: Simulator: glnode.draw : 0
2017-12-18T09:58:47.362Z - normal: Simulator: glnode.draw : 0
2017-12-18T09:58:47.379Z - normal: Simulator: glnode.draw : 0
2017-12-18T09:58:47.396Z - normal: Simulator: glnode.draw : 0
2017-12-18T09:58:47.413Z - normal: Simulator: glnode.draw : 0
2017-12-18T09:58:47.429Z - normal: Simulator: glnode.draw : 0
2017-12-18T09:58:47.446Z - normal: Simulator: glnode.draw : 0
2017-12-18T09:58:47.463Z - normal: Simulator: glnode.draw : 0
2017-12-18T09:58:47.479Z - normal: Simulator: glnode.draw : 0
2017-12-18T09:58:47.496Z - normal: Simulator: glnode.draw : 0
2017-12-18T09:58:47.513Z - normal: Simulator: glnode.draw : 0
2017-12-18T09:58:47.530Z - normal: Simulator: glnode.draw : 0
2017-12-18T09:58:47.548Z - normal: Simulator: glnode.draw : 0
2017-12-18T09:58:47.563Z - normal: Simulator: glnode.draw : 0
2017-12-18T09:58:47.579Z - normal: Simulator: glnode.draw : 0
2017-12-18T09:58:47.596Z - normal: Simulator: glnode.draw : 0
2017-12-18T09:58:47.612Z - normal: Simulator: glnode.draw : 0
2017-12-18T09:58:47.629Z - normal: Simulator: glnode.draw : 0
2017-12-18T09:58:47.646Z - normal: Simulator: glnode.draw : 0
2017-12-18T09:58:47.663Z - normal: Simulator: page view touch onTouchBegan
2017-12-18T09:58:47.664Z - normal: Simulator: page view touch onTouchMoved
2017-12-18T09:58:47.664Z - normal: Simulator: glnode.draw : 0
2017-12-18T09:58:47.674Z - normal: Simulator: page view touch onTouchMoved
2017-12-18T09:58:47.674Z - normal: Simulator: glnode.draw : 0
2017-12-18T09:58:47.699Z - normal: Simulator: page view touch onTouchMoved
2017-12-18T09:58:47.699Z - normal: Simulator: glnode.draw : 0
2017-12-18T09:58:47.700Z - normal: Simulator: page view touch onTouchMoved
2017-12-18T09:58:47.706Z - normal: Simulator: page view touch onTouchMoved
2017-12-18T09:58:47.706Z - normal: Simulator: glnode.draw : 0
2017-12-18T09:58:47.724Z - normal: Simulator: page view touch onTouchMoved
2017-12-18T09:58:47.724Z - normal: Simulator: glnode.draw : 0
2017-12-18T09:58:47.730Z - normal: Simulator: page view touch onTouchMoved
2017-12-18T09:58:47.740Z - normal: Simulator: page view touch onTouchMoved
2017-12-18T09:58:47.748Z - normal: Simulator: glnode.draw : 0
2017-12-18T09:58:47.756Z - normal: Simulator: page view touch onTouchMoved
2017-12-18T09:58:47.757Z - normal: Simulator: glnode.draw : 0
2017-12-18T09:58:47.765Z - normal: Simulator: page view touch onTouchMoved
2017-12-18T09:58:47.773Z - normal: Simulator: page view touch onTouchMoved
2017-12-18T09:58:47.774Z - normal: Simulator: glnode.draw : 0
2017-12-18T09:58:47.790Z - normal: Simulator: page view touch onTouchMoved
2017-12-18T09:58:47.790Z - normal: Simulator: glnode.draw : 0
2017-12-18T09:58:47.798Z - normal: Simulator: page view touch onTouchMoved
2017-12-18T09:58:47.807Z - normal: Simulator: page view touch onTouchMoved
2017-12-18T09:58:47.807Z - normal: Simulator: glnode.draw : 0
2017-12-18T09:58:47.823Z - normal: Simulator: page view touch onTouchMoved
2017-12-18T09:58:47.823Z - normal: Simulator: glnode.draw : 0
2017-12-18T09:58:47.834Z - normal: Simulator: page view touch onTouchEnded
2017-12-18T09:58:47.851Z - normal: Simulator: glnode.draw : 1
2017-12-18T09:58:47.857Z - normal: Simulator: glnode.draw : 1
2017-12-18T09:58:47.873Z - normal: Simulator: glnode.draw : 1
2017-12-18T09:58:47.889Z - normal: Simulator: glnode.draw : 1
2017-12-18T09:58:47.909Z - normal: Simulator: glnode.draw : 1
2017-12-18T09:58:47.921Z - normal: Simulator: glnode.draw : 1
2017-12-18T09:58:47.939Z - normal: Simulator: glnode.draw : 1
2017-12-18T09:58:47.953Z - normal: Simulator: glnode.draw : 1
2017-12-18T09:58:47.970Z - normal: Simulator: glnode.draw : 1
2017-12-18T09:58:47.987Z - normal: Simulator: glnode.draw : 1
2017-12-18T09:58:48.005Z - normal: Simulator: glnode.draw : 1
2017-12-18T09:58:48.021Z - normal: Simulator: glnode.draw : 1
2017-12-18T09:58:48.037Z - normal: Simulator: glnode.draw : 1
2017-12-18T09:58:48.054Z - normal: Simulator: glnode.draw : 1
2017-12-18T09:58:48.071Z - normal: Simulator: glnode.draw : 1
2017-12-18T09:58:48.087Z - normal: Simulator: glnode.draw : 1
2017-12-18T09:58:48.104Z - normal: Simulator: glnode.draw : 1
2017-12-18T09:58:48.126Z - normal: Simulator: glnode.draw : 1
2017-12-18T09:58:48.138Z - normal: Simulator: glnode.draw : 1
2017-12-18T09:58:48.155Z - normal: Simulator: glnode.draw : 1
2017-12-18T09:58:48.157Z - normal: Simulator: 平铺了
2017-12-18T09:58:48.172Z - normal: Simulator: glnode.draw : 1
2017-12-18T09:58:48.172Z - normal: Simulator: 平铺了
2017-12-18T09:58:48.189Z - normal: Simulator: glnode.draw : 1
2017-12-18T09:58:48.190Z - normal: Simulator: 平铺了
2017-12-18T09:58:48.206Z - normal: Simulator: glnode.draw : 1
2017-12-18T09:58:48.207Z - normal: Simulator: 平铺了
2017-12-18T09:58:48.222Z - normal: Simulator: glnode.draw : 1
2017-12-18T09:58:48.223Z - normal: Simulator: 平铺了
2017-12-18T09:58:48.239Z - normal: Simulator: glnode.draw : 1
2017-12-18T09:58:48.239Z - normal: Simulator: 平铺了
2017-12-18T09:58:48.256Z - normal: Simulator: glnode.draw : 1
2017-12-18T09:58:48.256Z - normal: Simulator: 平铺了
2017-12-18T09:58:48.278Z - normal: Simulator: onDestroy
2017-12-18T09:58:50.078Z - normal: Simulator: HttpClient singleton is nullptr
2017-12-18T09:58:50.103Z - normal: Simulator: basic_object_finalize 0xfde26a0 ...
2017-12-18T09:58:50.103Z - normal: Simulator: jsbindings: finalizing JS object 0xfde26d0 (WebSocket)
2017-12-18T09:58:50.103Z - normal: Simulator: jsbindings: finalizing JS object 0xfde2700 (SocketIO)
2017-12-18T09:58:50.104Z - normal: Simulator: JavaScriptObjCBridge_finalize 0xfde2790 ...
2017-12-18T09:58:50.104Z - normal: Simulator: JavaScriptObjCBridge_finalize 0xfde2a00 ...
2017-12-18T09:58:51.073Z - normal: Simulator: WORKAREA WIDTH 2048.00, HEIGHT 1017.00
2017-12-18T09:58:51.073Z - normal: Simulator: FRAME SCALE = 1.00
2017-12-18T09:58:51.082Z - normal: Simulator: GLFWError #65544 Happen, Cocoa: Failed to retrieve display name
2017-12-18T09:58:51.160Z - normal: Simulator: 
2017-12-18T09:58:51.161Z - normal: Simulator: {
2017-12-18T09:58:51.161Z - normal: Simulator: 	gl.supports_OES_map_buffer: false
2017-12-18T09:58:51.161Z - normal: Simulator: 	gl.supports_vertex_array_object: true
2017-12-18T09:58:51.161Z - normal: Simulator: 	cocos2d.x.version: 1.6.0
2017-12-18T09:58:51.162Z - normal: Simulator: 	gl.vendor: ATI Technologies Inc.
2017-12-18T09:58:51.162Z - normal: Simulator: 	gl.supports_PVRTC: false
2017-12-18T09:58:51.162Z - normal: Simulator: 	gl.renderer: AMD Radeon Pro 555 OpenGL Engine
2017-12-18T09:58:51.162Z - normal: Simulator: 	cocos2d.x.compiled_with_profiler: false
2017-12-18T09:58:51.162Z - normal: Simulator: 	gl.max_texture_size: 16384
2017-12-18T09:58:51.162Z - normal: Simulator: 	gl.supports_ETC1: false
2017-12-18T09:58:51.162Z - normal: Simulator: 	gl.supports_BGRA8888: false
2017-12-18T09:58:51.162Z - normal: Simulator: 	cocos2d.x.build_type: DEBUG
2017-12-18T09:58:51.162Z - normal: Simulator: 	gl.max_texture_units: 16
2017-12-18T09:58:51.162Z - normal: Simulator: 	gl.supports_OES_packed_depth_stencil: false
2017-12-18T09:58:51.163Z - normal: Simulator: 	gl.supports_discard_framebuffer: false
2017-12-18T09:58:51.163Z - normal: Simulator: 	gl.supports_NPOT: true
2017-12-18T09:58:51.163Z - normal: Simulator: 	gl.version: 2.1 ATI-1.51.8
2017-12-18T09:58:51.163Z - normal: Simulator: 	cocos2d.x.compiled_with_gl_state_cache: true
2017-12-18T09:58:51.163Z - normal: Simulator: 	gl.supports_OES_depth24: false
2017-12-18T09:58:51.163Z - normal: Simulator: }
2017-12-18T09:58:51.163Z - normal: Simulator: 
2017-12-18T09:58:51.163Z - normal: Simulator: 
2017-12-18T09:58:51.163Z - normal: Simulator: cocos2d: warning, Director::setProjection() failed because size is 0
2017-12-18T09:58:51.164Z - normal: Simulator: Project Config:
2017-12-18T09:58:51.164Z - normal: Simulator:     project dir: /Applications/CocosCreator1.6.app/Contents/Resources/cocos2d-x/simulator/mac/Simulator.app/Contents/Resources/
2017-12-18T09:58:51.165Z - normal: Simulator:     writable path: $(PROJDIR)/
2017-12-18T09:58:51.165Z - normal: Simulator:     script file: $(PROJDIR)/main.js
2017-12-18T09:58:51.165Z - normal: Simulator:     frame size: 960 x 640
2017-12-18T09:58:51.165Z - normal: Simulator:     frame scale: 1.00
2017-12-18T09:58:51.165Z - normal: Simulator:     show console: NO
2017-12-18T09:58:51.165Z - normal: Simulator:     write debug log: NO ()
2017-12-18T09:58:51.165Z - normal: Simulator:     listen: 
2017-12-18T09:58:51.165Z - normal: Simulator:     debugger: none
2017-12-18T09:58:51.166Z - normal: Simulator:     add searching path:
2017-12-18T09:58:51.166Z - normal: Simulator: 
2017-12-18T09:58:51.166Z - normal: Simulator: 
2017-12-18T09:58:51.166Z - normal: Simulator: 
2017-12-18T09:58:51.166Z - normal: Simulator: ------------------------------------------------
2017-12-18T09:58:51.166Z - normal: Simulator: LOAD Js FILE: main.js
2017-12-18T09:58:51.166Z - normal: Simulator: ------------------------------------------------
2017-12-18T09:58:51.216Z - normal: Simulator: Cocos2d-x-lite v1.6.0
2017-12-18T09:58:51.415Z - normal: Simulator: iShow!
2017-12-18T09:58:51.538Z - normal: Simulator: InitScene: 0.6290000000000191ms
2017-12-18T09:58:51.538Z - normal: Simulator: AutoRelease: 0.08199999999999363ms
2017-12-18T09:58:51.539Z - normal: Simulator: Destroy: 0.03899999999998727ms
2017-12-18T09:58:51.539Z - normal: Simulator: AttachPersist: 0.005999999999971806ms
2017-12-18T09:58:51.570Z - normal: Simulator: rotation ratio radius offx offy height width rotation offx offy height width offx offy height width Activate: 30.937000000000012ms
2017-12-18T09:58:51.583Z - normal: Simulator: glnode.draw : 0
2017-12-18T09:58:51.586Z - normal: Simulator: glnode.draw : 0
2017-12-18T09:58:51.602Z - normal: Simulator: glnode.draw : 0
2017-12-18T09:58:51.619Z - normal: Simulator: glnode.draw : 0
2017-12-18T09:58:51.637Z - normal: Simulator: glnode.draw : 0
2017-12-18T09:58:51.650Z - normal: Simulator: glnode.draw : 0
2017-12-18T09:58:51.666Z - normal: Simulator: glnode.draw : 0
2017-12-18T09:58:51.683Z - normal: Simulator: glnode.draw : 0
2017-12-18T09:58:51.698Z - normal: Simulator: glnode.draw : 0
2017-12-18T09:58:51.715Z - normal: Simulator: glnode.draw : 0
2017-12-18T09:58:51.732Z - normal: Simulator: glnode.draw : 0
2017-12-18T09:58:51.748Z - normal: Simulator: glnode.draw : 0
2017-12-18T09:58:51.765Z - normal: Simulator: glnode.draw : 0
2017-12-18T09:58:51.783Z - normal: Simulator: glnode.draw : 0
2017-12-18T09:58:51.798Z - normal: Simulator: glnode.draw : 0
2017-12-18T09:58:51.814Z - normal: Simulator: glnode.draw : 0
2017-12-18T09:58:51.831Z - normal: Simulator: glnode.draw : 0
2017-12-18T09:58:51.848Z - normal: Simulator: glnode.draw : 0
2017-12-18T09:58:51.865Z - normal: Simulator: glnode.draw : 0
2017-12-18T09:58:51.880Z - normal: Simulator: glnode.draw : 0
2017-12-18T09:58:51.898Z - normal: Simulator: glnode.draw : 0
2017-12-18T09:58:51.914Z - normal: Simulator: glnode.draw : 0
2017-12-18T09:58:51.931Z - normal: Simulator: glnode.draw : 0
2017-12-18T09:58:51.948Z - normal: Simulator: glnode.draw : 0
2017-12-18T09:58:51.964Z - normal: Simulator: glnode.draw : 0
2017-12-18T09:58:51.982Z - normal: Simulator: glnode.draw : 0
2017-12-18T09:58:52.000Z - normal: Simulator: glnode.draw : 0
2017-12-18T09:58:52.015Z - normal: Simulator: page view touch onTouchBegan
2017-12-18T09:58:52.015Z - normal: Simulator: page view touch onTouchMoved
2017-12-18T09:58:52.015Z - normal: Simulator: glnode.draw : 0
2017-12-18T09:58:52.033Z - normal: Simulator: page view touch onTouchMoved
2017-12-18T09:58:52.033Z - normal: Simulator: glnode.draw : 0
2017-12-18T09:58:52.055Z - normal: Simulator: page view touch onTouchMoved
2017-12-18T09:58:52.055Z - normal: Simulator: glnode.draw : 0
2017-12-18T09:58:52.068Z - normal: Simulator: page view touch onTouchMoved
2017-12-18T09:58:52.068Z - normal: Simulator: glnode.draw : 0
2017-12-18T09:58:52.084Z - normal: Simulator: page view touch onTouchMoved
2017-12-18T09:58:52.085Z - normal: Simulator: glnode.draw : 0
2017-12-18T09:58:52.100Z - normal: Simulator: page view touch onTouchMoved
2017-12-18T09:58:52.101Z - normal: Simulator: glnode.draw : 0
2017-12-18T09:58:52.116Z - normal: Simulator: page view touch onTouchMoved
2017-12-18T09:58:52.116Z - normal: Simulator: page view touch onTouchMoved
2017-12-18T09:58:52.116Z - normal: Simulator: glnode.draw : 0
2017-12-18T09:58:52.133Z - normal: Simulator: page view touch onTouchMoved
2017-12-18T09:58:52.133Z - normal: Simulator: glnode.draw : 0
2017-12-18T09:58:52.150Z - normal: Simulator: page view touch onTouchMoved
2017-12-18T09:58:52.150Z - normal: Simulator: glnode.draw : 0
2017-12-18T09:58:52.169Z - normal: Simulator: page view touch onTouchEnded
2017-12-18T09:58:52.169Z - normal: Simulator: glnode.draw : 1
2017-12-18T09:58:52.185Z - normal: Simulator: glnode.draw : 1
2017-12-18T09:58:52.200Z - normal: Simulator: glnode.draw : 1
2017-12-18T09:58:52.216Z - normal: Simulator: glnode.draw : 1
2017-12-18T09:58:52.231Z - normal: Simulator: glnode.draw : 1
2017-12-18T09:58:52.248Z - normal: Simulator: glnode.draw : 1
2017-12-18T09:58:52.265Z - normal: Simulator: glnode.draw : 1
2017-12-18T09:58:52.281Z - normal: Simulator: glnode.draw : 1
2017-12-18T09:58:52.298Z - normal: Simulator: glnode.draw : 1
2017-12-18T09:58:52.314Z - normal: Simulator: glnode.draw : 1
2017-12-18T09:58:52.331Z - normal: Simulator: glnode.draw : 1
2017-12-18T09:58:52.348Z - normal: Simulator: glnode.draw : 1
2017-12-18T09:58:52.365Z - normal: Simulator: glnode.draw : 1
2017-12-18T09:58:52.382Z - normal: Simulator: glnode.draw : 1
2017-12-18T09:58:52.398Z - normal: Simulator: glnode.draw : 1
2017-12-18T09:58:52.415Z - normal: Simulator: glnode.draw : 1
2017-12-18T09:58:52.431Z - normal: Simulator: glnode.draw : 1
2017-12-18T09:58:52.447Z - normal: Simulator: glnode.draw : 1
2017-12-18T09:58:52.465Z - normal: Simulator: glnode.draw : 1
2017-12-18T09:58:52.481Z - normal: Simulator: glnode.draw : 1
2017-12-18T09:58:52.482Z - normal: Simulator: 平铺了
2017-12-18T09:58:52.499Z - normal: Simulator: glnode.draw : 1
2017-12-18T09:58:52.500Z - normal: Simulator: 平铺了
2017-12-18T09:58:52.517Z - normal: Simulator: glnode.draw : 1
2017-12-18T09:58:52.517Z - normal: Simulator: 平铺了
2017-12-18T09:58:52.533Z - normal: Simulator: glnode.draw : 1
2017-12-18T09:58:52.533Z - normal: Simulator: 平铺了
2017-12-18T09:58:52.553Z - normal: Simulator: glnode.draw : 1
2017-12-18T09:58:52.554Z - normal: Simulator: 平铺了
2017-12-18T09:58:52.567Z - normal: Simulator: glnode.draw : 1
2017-12-18T09:58:52.568Z - normal: Simulator: 平铺了
2017-12-18T09:58:52.584Z - normal: Simulator: glnode.draw : 1
2017-12-18T09:58:52.584Z - normal: Simulator: 平铺了
2017-12-18T09:58:52.605Z - normal: Simulator: onDestroy
2017-12-18T09:58:54.397Z - normal: Simulator: HttpClient singleton is nullptr
2017-12-18T09:58:54.422Z - normal: Simulator: basic_object_finalize 0xc7e26a0 ...
2017-12-18T09:58:54.422Z - normal: Simulator: jsbindings: finalizing JS object 0xc7e26d0 (WebSocket)
2017-12-18T09:58:54.422Z - normal: Simulator: jsbindings: finalizing JS object 0xc7e2700 (SocketIO)
2017-12-18T09:58:54.422Z - normal: Simulator: JavaScriptObjCBridge_finalize 0xc7e2790 ...
2017-12-18T09:58:54.422Z - normal: Simulator: JavaScriptObjCBridge_finalize 0xc7e2a00 ...
2017-12-18T09:58:59.039Z - info: shutdown preview server
